[ 2016-12-13T14:43:06+08:00 ] ::1 /cloud/index.php/Home/Upload/upload
INFO: [ app_begin ] --START--
INFO: Run Behavior\ReadHtmlCacheBehavior [ RunTime:0.000035s ]
INFO: [ app_begin ] --END-- [ RunTime:0.000091s ]
NOTIC: [8] Undefined index: HTTP_X_FORWARDED_FOR /home/future/PhpstormProjects/cloud/Application/Home/Common/function.php 第 10 行.
NOTIC: [8] Undefined index: HTTP_CLIENT_IP /home/future/PhpstormProjects/cloud/Application/Home/Common/function.php 第 12 行.
INFO: [ app_end ] --START--
INFO: Run Behavior\ShowPageTraceBehavior [ RunTime:0.000053s ]
INFO: [ app_end ] --END-- [ RunTime:0.000088s ]

[ 2016-12-13T14:43:07+08:00 ] ::1 /cloud/index.php/Home/Upload/upload
INFO: [ app_begin ] --START--
INFO: Run Behavior\ReadHtmlCacheBehavior [ RunTime:0.000034s ]
INFO: [ app_begin ] --END-- [ RunTime:0.000093s ]
NOTIC: [8] Undefined index: HTTP_X_FORWARDED_FOR /home/future/PhpstormProjects/cloud/Application/Home/Common/function.php 第 10 行.
NOTIC: [8] Undefined index: HTTP_CLIENT_IP /home/future/PhpstormProjects/cloud/Application/Home/Common/function.php 第 12 行.
INFO: [ app_end ] --START--
INFO: Run Behavior\ShowPageTraceBehavior [ RunTime:0.000029s ]
INFO: [ app_end ] --END-- [ RunTime:0.000058s ]

[ 2016-12-13T14:43:07+08:00 ] ::1 /cloud/index.php/Home/Upload/upload
INFO: [ app_begin ] --START--
INFO: Run Behavior\ReadHtmlCacheBehavior [ RunTime:0.000034s ]
INFO: [ app_begin ] --END-- [ RunTime:0.000083s ]
NOTIC: [8] Undefined index: HTTP_X_FORWARDED_FOR /home/future/PhpstormProjects/cloud/Application/Home/Common/function.php 第 10 行.
NOTIC: [8] Undefined index: HTTP_CLIENT_IP /home/future/PhpstormProjects/cloud/Application/Home/Common/function.php 第 12 行.
INFO: [ app_end ] --START--
INFO: Run Behavior\ShowPageTraceBehavior [ RunTime:0.000025s ]
INFO: [ app_end ] --END-- [ RunTime:0.000052s ]

[ 2016-12-13T14:43:07+08:00 ] ::1 /cloud/index.php/Home/Upload/upload
INFO: [ app_begin ] --START--
INFO: Run Behavior\ReadHtmlCacheBehavior [ RunTime:0.000039s ]
INFO: [ app_begin ] --END-- [ RunTime:0.000099s ]
NOTIC: [8] Undefined index: HTTP_X_FORWARDED_FOR /home/future/PhpstormProjects/cloud/Application/Home/Common/function.php 第 10 行.
NOTIC: [8] Undefined index: HTTP_CLIENT_IP /home/future/PhpstormProjects/cloud/Application/Home/Common/function.php 第 12 行.
INFO: [ app_end ] --START--
INFO: Run Behavior\ShowPageTraceBehavior [ RunTime:0.000052s ]
INFO: [ app_end ] --END-- [ RunTime:0.000090s ]

[ 2016-12-13T14:43:07+08:00 ] ::1 /cloud/index.php/Home/Upload/upload
INFO: [ app_begin ] --START--
INFO: Run Behavior\ReadHtmlCacheBehavior [ RunTime:0.000032s ]
INFO: [ app_begin ] --END-- [ RunTime:0.000082s ]
NOTIC: [8] Undefined index: HTTP_X_FORWARDED_FOR /home/future/PhpstormProjects/cloud/Application/Home/Common/function.php 第 10 行.
NOTIC: [8] Undefined index: HTTP_CLIENT_IP /home/future/PhpstormProjects/cloud/Application/Home/Common/function.php 第 12 行.
INFO: [ app_end ] --START--
INFO: Run Behavior\ShowPageTraceBehavior [ RunTime:0.000026s ]
INFO: [ app_end ] --END-- [ RunTime:0.000069s ]

[ 2016-12-13T14:43:07+08:00 ] ::1 /cloud/index.php/Home/Upload/upload
INFO: [ app_begin ] --START--
INFO: Run Behavior\ReadHtmlCacheBehavior [ RunTime:0.000021s ]
INFO: [ app_begin ] --END-- [ RunTime:0.000052s ]
NOTIC: [8] Undefined index: HTTP_X_FORWARDED_FOR /home/future/PhpstormProjects/cloud/Application/Home/Common/function.php 第 10 行.
NOTIC: [8] Undefined index: HTTP_CLIENT_IP /home/future/PhpstormProjects/cloud/Application/Home/Common/function.php 第 12 行.
INFO: [ app_end ] --START--
INFO: Run Behavior\ShowPageTraceBehavior [ RunTime:0.000034s ]
INFO: [ app_end ] --END-- [ RunTime:0.000068s ]

[ 2016-12-13T14:43:08+08:00 ] ::1 /cloud/index.php/Home/Upload/upload
INFO: [ app_begin ] --START--
INFO: Run Behavior\ReadHtmlCacheBehavior [ RunTime:0.000031s ]
INFO: [ app_begin ] --END-- [ RunTime:0.000074s ]
NOTIC: [8] Undefined index: HTTP_X_FORWARDED_FOR /home/future/PhpstormProjects/cloud/Application/Home/Common/function.php 第 10 行.
NOTIC: [8] Undefined index: HTTP_CLIENT_IP /home/future/PhpstormProjects/cloud/Application/Home/Common/function.php 第 12 行.
INFO: [ app_end ] --START--
INFO: Run Behavior\ShowPageTraceBehavior [ RunTime:0.000040s ]
INFO: [ app_end ] --END-- [ RunTime:0.000068s ]

[ 2016-12-13T14:43:08+08:00 ] ::1 /cloud/index.php/Home/Upload/upload
INFO: [ app_begin ] --START--
INFO: Run Behavior\ReadHtmlCacheBehavior [ RunTime:0.000051s ]
INFO: [ app_begin ] --END-- [ RunTime:0.000130s ]
NOTIC: [8] Undefined index: HTTP_X_FORWARDED_FOR /home/future/PhpstormProjects/cloud/Application/Home/Common/function.php 第 10 行.
NOTIC: [8] Undefined index: HTTP_CLIENT_IP /home/future/PhpstormProjects/cloud/Application/Home/Common/function.php 第 12 行.
INFO: [ app_end ] --START--
INFO: Run Behavior\ShowPageTraceBehavior [ RunTime:0.000050s ]
INFO: [ app_end ] --END-- [ RunTime:0.000101s ]

[ 2016-12-13T14:43:08+08:00 ] ::1 /cloud/index.php/Home/Upload/upload
INFO: [ app_begin ] --START--
INFO: Run Behavior\ReadHtmlCacheBehavior [ RunTime:0.000131s ]
INFO: [ app_begin ] --END-- [ RunTime:0.000228s ]
NOTIC: [8] Undefined index: HTTP_X_FORWARDED_FOR /home/future/PhpstormProjects/cloud/Application/Home/Common/function.php 第 10 行.
NOTIC: [8] Undefined index: HTTP_CLIENT_IP /home/future/PhpstormProjects/cloud/Application/Home/Common/function.php 第 12 行.
INFO: [ app_end ] --START--
INFO: Run Behavior\ShowPageTraceBehavior [ RunTime:0.000033s ]
INFO: [ app_end ] --END-- [ RunTime:0.000064s ]

[ 2016-12-13T14:43:08+08:00 ] ::1 /cloud/index.php/Home/Upload/upload
INFO: [ app_begin ] --START--
INFO: Run Behavior\ReadHtmlCacheBehavior [ RunTime:0.000049s ]
INFO: [ app_begin ] --END-- [ RunTime:0.000135s ]
NOTIC: [8] Undefined index: HTTP_X_FORWARDED_FOR /home/future/PhpstormProjects/cloud/Application/Home/Common/function.php 第 10 行.
NOTIC: [8] Undefined index: HTTP_CLIENT_IP /home/future/PhpstormProjects/cloud/Application/Home/Common/function.php 第 12 行.
INFO: [ app_end ] --START--
INFO: Run Behavior\ShowPageTraceBehavior [ RunTime:0.000042s ]
INFO: [ app_end ] --END-- [ RunTime:0.000086s ]

[ 2016-12-13T14:43:08+08:00 ] ::1 /cloud/index.php/Home/Upload/upload
INFO: [ app_begin ] --START--
INFO: Run Behavior\ReadHtmlCacheBehavior [ RunTime:0.000032s ]
INFO: [ app_begin ] --END-- [ RunTime:0.000080s ]
NOTIC: [8] Undefined index: HTTP_X_FORWARDED_FOR /home/future/PhpstormProjects/cloud/Application/Home/Common/function.php 第 10 行.
NOTIC: [8] Undefined index: HTTP_CLIENT_IP /home/future/PhpstormProjects/cloud/Application/Home/Common/function.php 第 12 行.
INFO: [ app_end ] --START--
INFO: Run Behavior\ShowPageTraceBehavior [ RunTime:0.000029s ]
INFO: [ app_end ] --END-- [ RunTime:0.000059s ]

[ 2016-12-13T14:43:08+08:00 ] ::1 /cloud/index.php/Home/Upload/upload
INFO: [ app_begin ] --START--
INFO: Run Behavior\ReadHtmlCacheBehavior [ RunTime:0.000032s ]
INFO: [ app_begin ] --END-- [ RunTime:0.000081s ]
NOTIC: [8] Undefined index: HTTP_X_FORWARDED_FOR /home/future/PhpstormProjects/cloud/Application/Home/Common/function.php 第 10 行.
NOTIC: [8] Undefined index: HTTP_CLIENT_IP /home/future/PhpstormProjects/cloud/Application/Home/Common/function.php 第 12 行.
INFO: [ app_end ] --START--
INFO: Run Behavior\ShowPageTraceBehavior [ RunTime:0.000030s ]
INFO: [ app_end ] --END-- [ RunTime:0.000061s ]

[ 2016-12-13T15:27:02+08:00 ] ::1 /cloud/index.php/Home/Upload/upload
INFO: [ app_begin ] --START--
INFO: Run Behavior\ReadHtmlCacheBehavior [ RunTime:0.000025s ]
INFO: [ app_begin ] --END-- [ RunTime:0.000067s ]
NOTIC: [8] Undefined index: HTTP_X_FORWARDED_FOR /home/future/PhpstormProjects/cloud/Application/Home/Common/function.php 第 10 行.
NOTIC: [8] Undefined index: HTTP_CLIENT_IP /home/future/PhpstormProjects/cloud/Application/Home/Common/function.php 第 12 行.
INFO: [ app_end ] --START--
INFO: Run Behavior\ShowPageTraceBehavior [ RunTime:0.000030s ]
INFO: [ app_end ] --END-- [ RunTime:0.000053s ]

[ 2016-12-13T15:27:48+08:00 ] ::1 /cloud/index.php/Home/Upload/upload
INFO: [ app_begin ] --START--
INFO: Run Behavior\ReadHtmlCacheBehavior [ RunTime:0.000051s ]
INFO: [ app_begin ] --END-- [ RunTime:0.000131s ]
NOTIC: [8] Undefined index: HTTP_X_FORWARDED_FOR /home/future/PhpstormProjects/cloud/Application/Home/Common/function.php 第 10 行.
NOTIC: [8] Undefined index: HTTP_CLIENT_IP /home/future/PhpstormProjects/cloud/Application/Home/Common/function.php 第 12 行.
INFO: [ app_end ] --START--
INFO: Run Behavior\ShowPageTraceBehavior [ RunTime:0.000055s ]
INFO: [ app_end ] --END-- [ RunTime:0.000097s ]

[ 2016-12-13T15:27:58+08:00 ] ::1 /cloud/index.php/Home/Upload/upload
INFO: [ app_begin ] --START--
INFO: Run Behavior\ReadHtmlCacheBehavior [ RunTime:0.000050s ]
INFO: [ app_begin ] --END-- [ RunTime:0.000138s ]
NOTIC: [8] Undefined index: HTTP_X_FORWARDED_FOR /home/future/PhpstormProjects/cloud/Application/Home/Common/function.php 第 10 行.
NOTIC: [8] Undefined index: HTTP_CLIENT_IP /home/future/PhpstormProjects/cloud/Application/Home/Common/function.php 第 12 行.
INFO: [ app_end ] --START--
INFO: Run Behavior\ShowPageTraceBehavior [ RunTime:0.000053s ]
INFO: [ app_end ] --END-- [ RunTime:0.000100s ]

[ 2016-12-13T15:27:58+08:00 ] ::1 /cloud/index.php/Home/__CONTROLLER__/upload
INFO: [ app_begin ] --START--
INFO: Run Behavior\ReadHtmlCacheBehavior [ RunTime:0.000063s ]
INFO: [ app_begin ] --END-- [ RunTime:0.000144s ]
ERR: 无法加载控制器:__CONTROLLER__

[ 2016-12-13T15:28:13+08:00 ] ::1 /cloud/index.php/Home/Upload/upload
INFO: [ app_begin ] --START--
INFO: Run Behavior\ReadHtmlCacheBehavior [ RunTime:0.000025s ]
INFO: [ app_begin ] --END-- [ RunTime:0.000066s ]
NOTIC: [8] Undefined index: HTTP_X_FORWARDED_FOR /home/future/PhpstormProjects/cloud/Application/Home/Common/function.php 第 10 行.
NOTIC: [8] Undefined index: HTTP_CLIENT_IP /home/future/PhpstormProjects/cloud/Application/Home/Common/function.php 第 12 行.
INFO: [ app_end ] --START--
INFO: Run Behavior\ShowPageTraceBehavior [ RunTime:0.000026s ]
INFO: [ app_end ] --END-- [ RunTime:0.000046s ]

[ 2016-12-13T15:28:13+08:00 ] ::1 /cloud/index.php/Home/__CONTROLLER__/upload
INFO: [ app_begin ] --START--
INFO: Run Behavior\ReadHtmlCacheBehavior [ RunTime:0.000033s ]
INFO: [ app_begin ] --END-- [ RunTime:0.000084s ]
ERR: 无法加载控制器:__CONTROLLER__

[ 2016-12-13T15:28:22+08:00 ] ::1 /cloud/index.php/Home/Upload/upload
INFO: [ app_begin ] --START--
INFO: Run Behavior\ReadHtmlCacheBehavior [ RunTime:0.000031s ]
INFO: [ app_begin ] --END-- [ RunTime:0.000086s ]
NOTIC: [8] Undefined index: HTTP_X_FORWARDED_FOR /home/future/PhpstormProjects/cloud/Application/Home/Common/function.php 第 10 行.
NOTIC: [8] Undefined index: HTTP_CLIENT_IP /home/future/PhpstormProjects/cloud/Application/Home/Common/function.php 第 12 行.
INFO: [ app_end ] --START--
INFO: Run Behavior\ShowPageTraceBehavior [ RunTime:0.000034s ]
INFO: [ app_end ] --END-- [ RunTime:0.000061s ]

[ 2016-12-13T15:28:22+08:00 ] ::1 /cloud/index.php/Home/__CONTROLLER__/upload
INFO: [ app_begin ] --START--
INFO: Run Behavior\ReadHtmlCacheBehavior [ RunTime:0.000044s ]
INFO: [ app_begin ] --END-- [ RunTime:0.000109s ]
ERR: 无法加载控制器:__CONTROLLER__

[ 2016-12-13T15:29:30+08:00 ] ::1 /cloud/index.php/Home/Upload/upload
INFO: [ app_begin ] --START--
INFO: Run Behavior\ReadHtmlCacheBehavior [ RunTime:0.000046s ]
INFO: [ app_begin ] --END-- [ RunTime:0.000126s ]
NOTIC: [8] Undefined index: HTTP_X_FORWARDED_FOR /home/future/PhpstormProjects/cloud/Application/Home/Common/function.php 第 10 行.
NOTIC: [8] Undefined index: HTTP_CLIENT_IP /home/future/PhpstormProjects/cloud/Application/Home/Common/function.php 第 12 行.
INFO: [ app_end ] --START--
INFO: Run Behavior\ShowPageTraceBehavior [ RunTime:0.000044s ]
INFO: [ app_end ] --END-- [ RunTime:0.000082s ]

[ 2016-12-13T15:29:30+08:00 ] ::1 /cloud/index.php/Home/__CONTROLLER__/upload
INFO: [ app_begin ] --START--
INFO: Run Behavior\ReadHtmlCacheBehavior [ RunTime:0.000034s ]
INFO: [ app_begin ] --END-- [ RunTime:0.000083s ]
ERR: 无法加载控制器:__CONTROLLER__

[ 2016-12-13T15:30:20+08:00 ] ::1 /cloud/index.php/Home/Upload/upload
INFO: [ app_begin ] --START--
INFO: Run Behavior\ReadHtmlCacheBehavior [ RunTime:0.000033s ]
INFO: [ app_begin ] --END-- [ RunTime:0.000086s ]
NOTIC: [8] Undefined index: HTTP_X_FORWARDED_FOR /home/future/PhpstormProjects/cloud/Application/Home/Common/function.php 第 10 行.
NOTIC: [8] Undefined index: HTTP_CLIENT_IP /home/future/PhpstormProjects/cloud/Application/Home/Common/function.php 第 12 行.
INFO: [ app_end ] --START--
INFO: Run Behavior\ShowPageTraceBehavior [ RunTime:0.000061s ]
INFO: [ app_end ] --END-- [ RunTime:0.000100s ]

[ 2016-12-13T15:30:20+08:00 ] ::1 /cloud/index.php/Home/Upload/upload
INFO: [ app_begin ] --START--
INFO: Run Behavior\ReadHtmlCacheBehavior [ RunTime:0.000038s ]
INFO: [ app_begin ] --END-- [ RunTime:0.000097s ]
NOTIC: [8] Undefined index: HTTP_X_FORWARDED_FOR /home/future/PhpstormProjects/cloud/Application/Home/Common/function.php 第 10 行.
NOTIC: [8] Undefined index: HTTP_CLIENT_IP /home/future/PhpstormProjects/cloud/Application/Home/Common/function.php 第 12 行.
INFO: [ app_end ] --START--
INFO: Run Behavior\ShowPageTraceBehavior [ RunTime:0.000033s ]
INFO: [ app_end ] --END-- [ RunTime:0.000069s ]

[ 2016-12-13T15:30:26+08:00 ] ::1 /cloud/index.php/Home/Upload/upload
INFO: [ app_begin ] --START--
INFO: Run Behavior\ReadHtmlCacheBehavior [ RunTime:0.000035s ]
INFO: [ app_begin ] --END-- [ RunTime:0.000092s ]
NOTIC: [8] Undefined index: HTTP_X_FORWARDED_FOR /home/future/PhpstormProjects/cloud/Application/Home/Common/function.php 第 10 行.
NOTIC: [8] Undefined index: HTTP_CLIENT_IP /home/future/PhpstormProjects/cloud/Application/Home/Common/function.php 第 12 行.
INFO: [ app_end ] --START--
INFO: Run Behavior\ShowPageTraceBehavior [ RunTime:0.000060s ]
INFO: [ app_end ] --END-- [ RunTime:0.000106s ]

[ 2016-12-13T15:30:26+08:00 ] ::1 /cloud/index.php/Home/Upload/upload
INFO: [ app_begin ] --START--
INFO: Run Behavior\ReadHtmlCacheBehavior [ RunTime:0.000044s ]
INFO: [ app_begin ] --END-- [ RunTime:0.000110s ]
NOTIC: [8] Undefined index: HTTP_X_FORWARDED_FOR /home/future/PhpstormProjects/cloud/Application/Home/Common/function.php 第 10 行.
NOTIC: [8] Undefined index: HTTP_CLIENT_IP /home/future/PhpstormProjects/cloud/Application/Home/Common/function.php 第 12 行.
INFO: [ app_end ] --START--
INFO: Run Behavior\ShowPageTraceBehavior [ RunTime:0.000042s ]
INFO: [ app_end ] --END-- [ RunTime:0.000086s ]

[ 2016-12-13T15:32:42+08:00 ] ::1 /cloud/index.php/Home/Upload/upload
INFO: [ app_begin ] --START--
INFO: Run Behavior\ReadHtmlCacheBehavior [ RunTime:0.000022s ]
INFO: [ app_begin ] --END-- [ RunTime:0.000057s ]
NOTIC: [8] Undefined index: HTTP_X_FORWARDED_FOR /home/future/PhpstormProjects/cloud/Application/Home/Common/function.php 第 10 行.
NOTIC: [8] Undefined index: HTTP_CLIENT_IP /home/future/PhpstormProjects/cloud/Application/Home/Common/function.php 第 12 行.
INFO: [ app_end ] --START--
INFO: Run Behavior\ShowPageTraceBehavior [ RunTime:0.000022s ]
INFO: [ app_end ] --END-- [ RunTime:0.000037s ]

[ 2016-12-13T15:32:45+08:00 ] ::1 /cloud/index.php/Home/Upload/upload
INFO: [ app_begin ] --START--
INFO: Run Behavior\ReadHtmlCacheBehavior [ RunTime:0.000054s ]
INFO: [ app_begin ] --END-- [ RunTime:0.000136s ]
NOTIC: [8] Undefined index: HTTP_X_FORWARDED_FOR /home/future/PhpstormProjects/cloud/Application/Home/Common/function.php 第 10 行.
NOTIC: [8] Undefined index: HTTP_CLIENT_IP /home/future/PhpstormProjects/cloud/Application/Home/Common/function.php 第 12 行.
INFO: [ app_end ] --START--
INFO: Run Behavior\ShowPageTraceBehavior [ RunTime:0.000055s ]
INFO: [ app_end ] --END-- [ RunTime:0.000099s ]

[ 2016-12-13T15:32:53+08:00 ] ::1 /cloud/index.php/Home/Upload/upload
INFO: [ app_begin ] --START--
INFO: Run Behavior\ReadHtmlCacheBehavior [ RunTime:0.000033s ]
INFO: [ app_begin ] --END-- [ RunTime:0.000085s ]
NOTIC: [8] Undefined index: HTTP_X_FORWARDED_FOR /home/future/PhpstormProjects/cloud/Application/Home/Common/function.php 第 10 行.
NOTIC: [8] Undefined index: HTTP_CLIENT_IP /home/future/PhpstormProjects/cloud/Application/Home/Common/function.php 第 12 行.
INFO: [ app_end ] --START--
INFO: Run Behavior\ShowPageTraceBehavior [ RunTime:0.000034s ]
INFO: [ app_end ] --END-- [ RunTime:0.000060s ]

[ 2016-12-13T15:32:54+08:00 ] ::1 /cloud/index.php/Home/Upload/upload
INFO: [ app_begin ] --START--
INFO: Run Behavior\ReadHtmlCacheBehavior [ RunTime:0.000021s ]
INFO: [ app_begin ] --END-- [ RunTime:0.000053s ]
NOTIC: [8] Undefined index: HTTP_X_FORWARDED_FOR /home/future/PhpstormProjects/cloud/Application/Home/Common/function.php 第 10 行.
NOTIC: [8] Undefined index: HTTP_CLIENT_IP /home/future/PhpstormProjects/cloud/Application/Home/Common/function.php 第 12 行.
INFO: [ app_end ] --START--
INFO: Run Behavior\ShowPageTraceBehavior [ RunTime:0.000019s ]
INFO: [ app_end ] --END-- [ RunTime:0.000039s ]

[ 2016-12-13T15:33:43+08:00 ] ::1 /cloud/index.php/Home/Upload/upload
INFO: [ app_begin ] --START--
INFO: Run Behavior\ReadHtmlCacheBehavior [ RunTime:0.000025s ]
INFO: [ app_begin ] --END-- [ RunTime:0.000064s ]
NOTIC: [8] Undefined index: HTTP_X_FORWARDED_FOR /home/future/PhpstormProjects/cloud/Application/Home/Common/function.php 第 10 行.
NOTIC: [8] Undefined index: HTTP_CLIENT_IP /home/future/PhpstormProjects/cloud/Application/Home/Common/function.php 第 12 行.
INFO: [ app_end ] --START--
INFO: Run Behavior\ShowPageTraceBehavior [ RunTime:0.000024s ]
INFO: [ app_end ] --END-- [ RunTime:0.000048s ]

[ 2016-12-13T15:33:44+08:00 ] ::1 /cloud/index.php/Home/Upload/upload
INFO: [ app_begin ] --START--
INFO: Run Behavior\ReadHtmlCacheBehavior [ RunTime:0.000053s ]
INFO: [ app_begin ] --END-- [ RunTime:0.000139s ]
NOTIC: [8] Undefined index: HTTP_X_FORWARDED_FOR /home/future/PhpstormProjects/cloud/Application/Home/Common/function.php 第 10 行.
NOTIC: [8] Undefined index: HTTP_CLIENT_IP /home/future/PhpstormProjects/cloud/Application/Home/Common/function.php 第 12 行.
INFO: [ app_end ] --START--
INFO: Run Behavior\ShowPageTraceBehavior [ RunTime:0.000049s ]
INFO: [ app_end ] --END-- [ RunTime:0.000095s ]

[ 2016-12-13T15:33:47+08:00 ] ::1 /cloud/index.php/Home/Upload/upload
INFO: [ app_begin ] --START--
INFO: Run Behavior\ReadHtmlCacheBehavior [ RunTime:0.000033s ]
INFO: [ app_begin ] --END-- [ RunTime:0.000093s ]
NOTIC: [8] Undefined index: HTTP_X_FORWARDED_FOR /home/future/PhpstormProjects/cloud/Application/Home/Common/function.php 第 10 行.
NOTIC: [8] Undefined index: HTTP_CLIENT_IP /home/future/PhpstormProjects/cloud/Application/Home/Common/function.php 第 12 行.
INFO: [ app_end ] --START--
INFO: Run Behavior\ShowPageTraceBehavior [ RunTime:0.000033s ]
INFO: [ app_end ] --END-- [ RunTime:0.000061s ]

[ 2016-12-13T15:33:48+08:00 ] ::1 /cloud/index.php/Home/Upload/upload
INFO: [ app_begin ] --START--
INFO: Run Behavior\ReadHtmlCacheBehavior [ RunTime:0.000037s ]
INFO: [ app_begin ] --END-- [ RunTime:0.000098s ]
NOTIC: [8] Undefined index: HTTP_X_FORWARDED_FOR /home/future/PhpstormProjects/cloud/Application/Home/Common/function.php 第 10 行.
NOTIC: [8] Undefined index: HTTP_CLIENT_IP /home/future/PhpstormProjects/cloud/Application/Home/Common/function.php 第 12 行.
INFO: [ app_end ] --START--
INFO: Run Behavior\ShowPageTraceBehavior [ RunTime:0.000035s ]
INFO: [ app_end ] --END-- [ RunTime:0.000071s ]

[ 2016-12-13T15:33:51+08:00 ] ::1 /cloud/index.php/Home/Upload/upload
INFO: [ app_begin ] --START--
INFO: Run Behavior\ReadHtmlCacheBehavior [ RunTime:0.000030s ]
INFO: [ app_begin ] --END-- [ RunTime:0.000084s ]
NOTIC: [8] Undefined index: HTTP_X_FORWARDED_FOR /home/future/PhpstormProjects/cloud/Application/Home/Common/function.php 第 10 行.
NOTIC: [8] Undefined index: HTTP_CLIENT_IP /home/future/PhpstormProjects/cloud/Application/Home/Common/function.php 第 12 行.
INFO: [ app_end ] --START--
INFO: Run Behavior\ShowPageTraceBehavior [ RunTime:0.000031s ]
INFO: [ app_end ] --END-- [ RunTime:0.000057s ]

[ 2016-12-13T15:33:52+08:00 ] ::1 /cloud/index.php/Home/Upload/upload
INFO: [ app_begin ] --START--
INFO: Run Behavior\ReadHtmlCacheBehavior [ RunTime:0.000024s ]
INFO: [ app_begin ] --END-- [ RunTime:0.000062s ]
NOTIC: [8] Undefined index: HTTP_X_FORWARDED_FOR /home/future/PhpstormProjects/cloud/Application/Home/Common/function.php 第 10 行.
NOTIC: [8] Undefined index: HTTP_CLIENT_IP /home/future/PhpstormProjects/cloud/Application/Home/Common/function.php 第 12 行.
INFO: [ app_end ] --START--
INFO: Run Behavior\ShowPageTraceBehavior [ RunTime:0.000019s ]
INFO: [ app_end ] --END-- [ RunTime:0.000036s ]

[ 2016-12-13T15:34:07+08:00 ] ::1 /cloud/index.php/Home/Upload/upload
INFO: [ app_begin ] --START--
INFO: Run Behavior\ReadHtmlCacheBehavior [ RunTime:0.000041s ]
INFO: [ app_begin ] --END-- [ RunTime:0.000104s ]
NOTIC: [8] Undefined index: HTTP_X_FORWARDED_FOR /home/future/PhpstormProjects/cloud/Application/Home/Common/function.php 第 10 行.
NOTIC: [8] Undefined index: HTTP_CLIENT_IP /home/future/PhpstormProjects/cloud/Application/Home/Common/function.php 第 12 行.
INFO: [ app_end ] --START--
INFO: Run Behavior\ShowPageTraceBehavior [ RunTime:0.000037s ]
INFO: [ app_end ] --END-- [ RunTime:0.000075s ]

[ 2016-12-13T15:34:13+08:00 ] ::1 /cloud/index.php/Home/Upload/upload
INFO: [ app_begin ] --START--
INFO: Run Behavior\ReadHtmlCacheBehavior [ RunTime:0.000041s ]
INFO: [ app_begin ] --END-- [ RunTime:0.000105s ]
NOTIC: [8] Undefined index: HTTP_X_FORWARDED_FOR /home/future/PhpstormProjects/cloud/Application/Home/Common/function.php 第 10 行.
NOTIC: [8] Undefined index: HTTP_CLIENT_IP /home/future/PhpstormProjects/cloud/Application/Home/Common/function.php 第 12 行.
INFO: [ app_end ] --START--
INFO: Run Behavior\ShowPageTraceBehavior [ RunTime:0.000038s ]
INFO: [ app_end ] --END-- [ RunTime:0.000067s ]

[ 2016-12-13T15:34:19+08:00 ] ::1 /cloud/index.php/Home/Upload/upload
INFO: [ app_begin ] --START--
INFO: Run Behavior\ReadHtmlCacheBehavior [ RunTime:0.000074s ]
INFO: [ app_begin ] --END-- [ RunTime:0.000197s ]
NOTIC: [8] Undefined index: HTTP_X_FORWARDED_FOR /home/future/PhpstormProjects/cloud/Application/Home/Common/function.php 第 10 行.
NOTIC: [8] Undefined index: HTTP_CLIENT_IP /home/future/PhpstormProjects/cloud/Application/Home/Common/function.php 第 12 行.
INFO: [ app_end ] --START--
INFO: Run Behavior\ShowPageTraceBehavior [ RunTime:0.000052s ]
INFO: [ app_end ] --END-- [ RunTime:0.000091s ]

[ 2016-12-13T15:34:31+08:00 ] ::1 /cloud/index.php/Home/Upload/upload
INFO: [ app_begin ] --START--
INFO: Run Behavior\ReadHtmlCacheBehavior [ RunTime:0.000076s ]
INFO: [ app_begin ] --END-- [ RunTime:0.000163s ]
NOTIC: [8] Undefined index: HTTP_X_FORWARDED_FOR /home/future/PhpstormProjects/cloud/Application/Home/Common/function.php 第 10 行.
NOTIC: [8] Undefined index: HTTP_CLIENT_IP /home/future/PhpstormProjects/cloud/Application/Home/Common/function.php 第 12 行.
INFO: [ app_end ] --START--
INFO: Run Behavior\ShowPageTraceBehavior [ RunTime:0.000056s ]
INFO: [ app_end ] --END-- [ RunTime:0.000099s ]

[ 2016-12-13T15:34:40+08:00 ] ::1 /cloud/index.php/Home/Upload/upload
INFO: [ app_begin ] --START--
INFO: Run Behavior\ReadHtmlCacheBehavior [ RunTime:0.000029s ]
INFO: [ app_begin ] --END-- [ RunTime:0.000075s ]
NOTIC: [8] Undefined index: HTTP_X_FORWARDED_FOR /home/future/PhpstormProjects/cloud/Application/Home/Common/function.php 第 10 行.
NOTIC: [8] Undefined index: HTTP_CLIENT_IP /home/future/PhpstormProjects/cloud/Application/Home/Common/function.php 第 12 行.
INFO: [ app_end ] --START--
INFO: Run Behavior\ShowPageTraceBehavior [ RunTime:0.000030s ]
INFO: [ app_end ] --END-- [ RunTime:0.000054s ]

[ 2016-12-13T15:34:42+08:00 ] ::1 /cloud/index.php/Home/Upload/upload
INFO: [ app_begin ] --START--
INFO: Run Behavior\ReadHtmlCacheBehavior [ RunTime:0.000014s ]
INFO: [ app_begin ] --END-- [ RunTime:0.000035s ]
NOTIC: [8] Undefined index: HTTP_X_FORWARDED_FOR /home/future/PhpstormProjects/cloud/Application/Home/Common/function.php 第 10 行.
NOTIC: [8] Undefined index: HTTP_CLIENT_IP /home/future/PhpstormProjects/cloud/Application/Home/Common/function.php 第 12 行.
INFO: [ app_end ] --START--
INFO: Run Behavior\ShowPageTraceBehavior [ RunTime:0.000013s ]
INFO: [ app_end ] --END-- [ RunTime:0.000024s ]

[ 2016-12-13T15:35:24+08:00 ] ::1 /cloud/index.php/Home/Upload/upload
INFO: [ app_begin ] --START--
INFO: Run Behavior\ReadHtmlCacheBehavior [ RunTime:0.000035s ]
INFO: [ app_begin ] --END-- [ RunTime:0.000094s ]
NOTIC: [8] Undefined index: HTTP_X_FORWARDED_FOR /home/future/PhpstormProjects/cloud/Application/Home/Common/function.php 第 10 行.
NOTIC: [8] Undefined index: HTTP_CLIENT_IP /home/future/PhpstormProjects/cloud/Application/Home/Common/function.php 第 12 行.
INFO: [ app_end ] --START--
INFO: Run Behavior\ShowPageTraceBehavior [ RunTime:0.000033s ]
INFO: [ app_end ] --END-- [ RunTime:0.000068s ]

[ 2016-12-13T15:35:28+08:00 ] ::1 /cloud/index.php/Home/Upload/upload
INFO: [ app_begin ] --START--
INFO: Run Behavior\ReadHtmlCacheBehavior [ RunTime:0.000060s ]
INFO: [ app_begin ] --END-- [ RunTime:0.000156s ]
NOTIC: [8] Undefined index: HTTP_X_FORWARDED_FOR /home/future/PhpstormProjects/cloud/Application/Home/Common/function.php 第 10 行.
NOTIC: [8] Undefined index: HTTP_CLIENT_IP /home/future/PhpstormProjects/cloud/Application/Home/Common/function.php 第 12 行.
INFO: [ app_end ] --START--
INFO: Run Behavior\ShowPageTraceBehavior [ RunTime:0.000053s ]
INFO: [ app_end ] --END-- [ RunTime:0.000102s ]

[ 2016-12-13T15:35:42+08:00 ] ::1 /cloud/index.php/Home/Upload/upload
INFO: [ app_begin ] --START--
INFO: Run Behavior\ReadHtmlCacheBehavior [ RunTime:0.000029s ]
INFO: [ app_begin ] --END-- [ RunTime:0.000079s ]
NOTIC: [8] Undefined index: HTTP_X_FORWARDED_FOR /home/future/PhpstormProjects/cloud/Application/Home/Common/function.php 第 10 行.
NOTIC: [8] Undefined index: HTTP_CLIENT_IP /home/future/PhpstormProjects/cloud/Application/Home/Common/function.php 第 12 行.
INFO: [ app_end ] --START--
INFO: Run Behavior\ShowPageTraceBehavior [ RunTime:0.000032s ]
INFO: [ app_end ] --END-- [ RunTime:0.000058s ]

[ 2016-12-13T15:35:46+08:00 ] ::1 /cloud/index.php/Home/Upload/upload
INFO: [ app_begin ] --START--
INFO: Run Behavior\ReadHtmlCacheBehavior [ RunTime:0.000053s ]
INFO: [ app_begin ] --END-- [ RunTime:0.000133s ]
NOTIC: [8] Undefined index: HTTP_X_FORWARDED_FOR /home/future/PhpstormProjects/cloud/Application/Home/Common/function.php 第 10 行.
NOTIC: [8] Undefined index: HTTP_CLIENT_IP /home/future/PhpstormProjects/cloud/Application/Home/Common/function.php 第 12 行.
INFO: [ app_end ] --START--
INFO: Run Behavior\ShowPageTraceBehavior [ RunTime:0.000044s ]
INFO: [ app_end ] --END-- [ RunTime:0.000080s ]

[ 2016-12-13T15:36:29+08:00 ] ::1 /cloud/index.php/Home/Upload/upload
INFO: [ app_begin ] --START--
INFO: Run Behavior\ReadHtmlCacheBehavior [ RunTime:0.000030s ]
INFO: [ app_begin ] --END-- [ RunTime:0.000086s ]
NOTIC: [8] Undefined index: HTTP_X_FORWARDED_FOR /home/future/PhpstormProjects/cloud/Application/Home/Common/function.php 第 10 行.
NOTIC: [8] Undefined index: HTTP_CLIENT_IP /home/future/PhpstormProjects/cloud/Application/Home/Common/function.php 第 12 行.
ERR: 不存在的图像文件

[ 2016-12-13T15:36:38+08:00 ] ::1 /cloud/index.php/Home/Upload/upload
INFO: [ app_begin ] --START--
INFO: Run Behavior\ReadHtmlCacheBehavior [ RunTime:0.000024s ]
INFO: [ app_begin ] --END-- [ RunTime:0.000065s ]
NOTIC: [8] Undefined index: HTTP_X_FORWARDED_FOR /home/future/PhpstormProjects/cloud/Application/Home/Common/function.php 第 10 行.
NOTIC: [8] Undefined index: HTTP_CLIENT_IP /home/future/PhpstormProjects/cloud/Application/Home/Common/function.php 第 12 行.
ERR: 不存在的图像文件

[ 2016-12-13T15:37:10+08:00 ] ::1 /cloud/index.php/Home/Upload/upload.php
INFO: [ app_begin ] --START--
INFO: Run Behavior\ReadHtmlCacheBehavior [ RunTime:0.000036s ]
INFO: [ app_begin ] --END-- [ RunTime:0.000091s ]
ERR: 非法操作:upload.php

[ 2016-12-13T15:37:22+08:00 ] ::1 /cloud/index.php/Home/Upload/upload.php
ERR: 非法操作:upload.php

[ 2016-12-13T15:37:42+08:00 ] ::1 /cloud/index.php/Home/Upload/upload.php
INFO: [ app_begin ] --START--
INFO: Run Behavior\ReadHtmlCacheBehavior [ RunTime:0.000058s ]
INFO: [ app_begin ] --END-- [ RunTime:0.000149s ]
ERR: 非法操作:upload.php

[ 2016-12-13T15:38:21+08:00 ] ::1 /cloud/index.php/Home/Upload/upload
INFO: [ app_begin ] --START--
INFO: Run Behavior\ReadHtmlCacheBehavior [ RunTime:0.000043s ]
INFO: [ app_begin ] --END-- [ RunTime:0.000120s ]
NOTIC: [8] Undefined index: HTTP_X_FORWARDED_FOR /home/future/PhpstormProjects/cloud/Application/Home/Common/function.php 第 10 行.
NOTIC: [8] Undefined index: HTTP_CLIENT_IP /home/future/PhpstormProjects/cloud/Application/Home/Common/function.php 第 12 行.
ERR: 不存在的图像文件

[ 2016-12-13T15:38:30+08:00 ] ::1 /cloud/index.php/Home/Upload/upload
INFO: [ app_begin ] --START--
INFO: Run Behavior\ReadHtmlCacheBehavior [ RunTime:0.000021s ]
INFO: [ app_begin ] --END-- [ RunTime:0.000057s ]
NOTIC: [8] Undefined index: HTTP_X_FORWARDED_FOR /home/future/PhpstormProjects/cloud/Application/Home/Common/function.php 第 10 行.
NOTIC: [8] Undefined index: HTTP_CLIENT_IP /home/future/PhpstormProjects/cloud/Application/Home/Common/function.php 第 12 行.
ERR: 不存在的图像文件

[ 2016-12-13T15:45:26+08:00 ] ::1 /cloud/index.php/Home/Upload/upload
INFO: [ app_begin ] --START--
INFO: Run Behavior\ReadHtmlCacheBehavior [ RunTime:0.000030s ]
INFO: [ app_begin ] --END-- [ RunTime:0.000082s ]
NOTIC: [8] Undefined index: HTTP_X_FORWARDED_FOR /home/future/PhpstormProjects/cloud/Application/Home/Common/function.php 第 10 行.
NOTIC: [8] Undefined index: HTTP_CLIENT_IP /home/future/PhpstormProjects/cloud/Application/Home/Common/function.php 第 12 行.
ERR: 不存在的图像文件

[ 2016-12-13T15:50:51+08:00 ] ::1 /cloud/index.php/Home/Upload/upload
INFO: [ app_begin ] --START--
INFO: Run Behavior\ReadHtmlCacheBehavior [ RunTime:0.000021s ]
INFO: [ app_begin ] --END-- [ RunTime:0.000054s ]
NOTIC: [8] Undefined index: HTTP_X_FORWARDED_FOR /home/future/PhpstormProjects/cloud/Application/Home/Common/function.php 第 10 行.
NOTIC: [8] Undefined index: HTTP_CLIENT_IP /home/future/PhpstormProjects/cloud/Application/Home/Common/function.php 第 12 行.
INFO: [ app_end ] --START--
INFO: Run Behavior\ShowPageTraceBehavior [ RunTime:0.000020s ]
INFO: [ app_end ] --END-- [ RunTime:0.000041s ]

[ 2016-12-13T15:50:51+08:00 ] ::1 /cloud/index.php/Home/Upload/upload
INFO: [ app_begin ] --START--
INFO: Run Behavior\ReadHtmlCacheBehavior [ RunTime:0.000042s ]
INFO: [ app_begin ] --END-- [ RunTime:0.000108s ]
NOTIC: [8] Undefined index: HTTP_X_FORWARDED_FOR /home/future/PhpstormProjects/cloud/Application/Home/Common/function.php 第 10 行.
NOTIC: [8] Undefined index: HTTP_CLIENT_IP /home/future/PhpstormProjects/cloud/Application/Home/Common/function.php 第 12 行.
INFO: [ app_end ] --START--
INFO: Run Behavior\ShowPageTraceBehavior [ RunTime:0.000033s ]
INFO: [ app_end ] --END-- [ RunTime:0.000068s ]

[ 2016-12-13T15:51:28+08:00 ] ::1 /cloud/index.php/Home/Upload/upload
INFO: [ app_begin ] --START--
INFO: Run Behavior\ReadHtmlCacheBehavior [ RunTime:0.000018s ]
INFO: [ app_begin ] --END-- [ RunTime:0.000045s ]
NOTIC: [8] Undefined index: HTTP_X_FORWARDED_FOR /home/future/PhpstormProjects/cloud/Application/Home/Common/function.php 第 10 行.
NOTIC: [8] Undefined index: HTTP_CLIENT_IP /home/future/PhpstormProjects/cloud/Application/Home/Common/function.php 第 12 行.
INFO: [ app_end ] --START--
INFO: Run Behavior\ShowPageTraceBehavior [ RunTime:0.000016s ]
INFO: [ app_end ] --END-- [ RunTime:0.000030s ]

[ 2016-12-13T15:51:28+08:00 ] ::1 /cloud/index.php/Home/Upload/upload
INFO: [ app_begin ] --START--
INFO: Run Behavior\ReadHtmlCacheBehavior [ RunTime:0.000024s ]
INFO: [ app_begin ] --END-- [ RunTime:0.000060s ]
NOTIC: [8] Undefined index: HTTP_X_FORWARDED_FOR /home/future/PhpstormProjects/cloud/Application/Home/Common/function.php 第 10 行.
NOTIC: [8] Undefined index: HTTP_CLIENT_IP /home/future/PhpstormProjects/cloud/Application/Home/Common/function.php 第 12 行.
INFO: [ app_end ] --START--
INFO: Run Behavior\ShowPageTraceBehavior [ RunTime:0.000021s ]
INFO: [ app_end ] --END-- [ RunTime:0.000043s ]

[ 2016-12-13T15:51:31+08:00 ] ::1 /cloud/index.php/Home/Upload/upload
INFO: [ app_begin ] --START--
INFO: Run Behavior\ReadHtmlCacheBehavior [ RunTime:0.000027s ]
INFO: [ app_begin ] --END-- [ RunTime:0.000073s ]
NOTIC: [8] Undefined index: HTTP_X_FORWARDED_FOR /home/future/PhpstormProjects/cloud/Application/Home/Common/function.php 第 10 行.
NOTIC: [8] Undefined index: HTTP_CLIENT_IP /home/future/PhpstormProjects/cloud/Application/Home/Common/function.php 第 12 行.
INFO: [ app_end ] --START--
INFO: Run Behavior\ShowPageTraceBehavior [ RunTime:0.000029s ]
INFO: [ app_end ] --END-- [ RunTime:0.000052s ]

[ 2016-12-13T15:51:31+08:00 ] ::1 /cloud/index.php/Home/Upload/upload
INFO: [ app_begin ] --START--
INFO: Run Behavior\ReadHtmlCacheBehavior [ RunTime:0.000029s ]
INFO: [ app_begin ] --END-- [ RunTime:0.000077s ]
NOTIC: [8] Undefined index: HTTP_X_FORWARDED_FOR /home/future/PhpstormProjects/cloud/Application/Home/Common/function.php 第 10 行.
NOTIC: [8] Undefined index: HTTP_CLIENT_IP /home/future/PhpstormProjects/cloud/Application/Home/Common/function.php 第 12 行.
INFO: [ app_end ] --START--
INFO: Run Behavior\ShowPageTraceBehavior [ RunTime:0.000033s ]
INFO: [ app_end ] --END-- [ RunTime:0.000070s ]

[ 2016-12-13T15:51:43+08:00 ] ::1 /cloud/index.php/Home/Upload/upload
INFO: [ app_begin ] --START--
INFO: Run Behavior\ReadHtmlCacheBehavior [ RunTime:0.000026s ]
INFO: [ app_begin ] --END-- [ RunTime:0.000066s ]
NOTIC: [8] Undefined index: HTTP_X_FORWARDED_FOR /home/future/PhpstormProjects/cloud/Application/Home/Common/function.php 第 10 行.
NOTIC: [8] Undefined index: HTTP_CLIENT_IP /home/future/PhpstormProjects/cloud/Application/Home/Common/function.php 第 12 行.
INFO: [ app_end ] --START--
INFO: Run Behavior\ShowPageTraceBehavior [ RunTime:0.000040s ]
INFO: [ app_end ] --END-- [ RunTime:0.000081s ]

[ 2016-12-13T15:51:43+08:00 ] ::1 /cloud/index.php/Home/Upload/upload
INFO: [ app_begin ] --START--
INFO: Run Behavior\ReadHtmlCacheBehavior [ RunTime:0.000040s ]
INFO: [ app_begin ] --END-- [ RunTime:0.000081s ]
NOTIC: [8] Undefined index: HTTP_X_FORWARDED_FOR /home/future/PhpstormProjects/cloud/Application/Home/Common/function.php 第 10 行.
NOTIC: [8] Undefined index: HTTP_CLIENT_IP /home/future/PhpstormProjects/cloud/Application/Home/Common/function.php 第 12 行.
INFO: [ app_end ] --START--
INFO: Run Behavior\ShowPageTraceBehavior [ RunTime:0.000022s ]
INFO: [ app_end ] --END-- [ RunTime:0.000046s ]

[ 2016-12-13T15:56:36+08:00 ] ::1 /cloud/index.php/Home/Upload/upload
INFO: [ app_begin ] --START--
INFO: Run Behavior\ReadHtmlCacheBehavior [ RunTime:0.000025s ]
INFO: [ app_begin ] --END-- [ RunTime:0.000066s ]
NOTIC: [8] Undefined index: HTTP_X_FORWARDED_FOR /home/future/PhpstormProjects/cloud/Application/Home/Common/function.php 第 10 行.
NOTIC: [8] Undefined index: HTTP_CLIENT_IP /home/future/PhpstormProjects/cloud/Application/Home/Common/function.php 第 12 行.
INFO: [ app_end ] --START--
INFO: Run Behavior\ShowPageTraceBehavior [ RunTime:0.000028s ]
INFO: [ app_end ] --END-- [ RunTime:0.000048s ]

[ 2016-12-13T15:56:36+08:00 ] ::1 /cloud/index.php/Home/Upload/upload
INFO: [ app_begin ] --START--
INFO: Run Behavior\ReadHtmlCacheBehavior [ RunTime:0.000018s ]
INFO: [ app_begin ] --END-- [ RunTime:0.000044s ]
NOTIC: [8] Undefined index: HTTP_X_FORWARDED_FOR /home/future/PhpstormProjects/cloud/Application/Home/Common/function.php 第 10 行.
NOTIC: [8] Undefined index: HTTP_CLIENT_IP /home/future/PhpstormProjects/cloud/Application/Home/Common/function.php 第 12 行.
INFO: [ app_end ] --START--
INFO: Run Behavior\ShowPageTraceBehavior [ RunTime:0.000014s ]
INFO: [ app_end ] --END-- [ RunTime:0.000028s ]

[ 2016-12-13T16:04:19+08:00 ] ::1 /cloud/index.php/Home/Upload/upload
INFO: [ app_begin ] --START--
INFO: Run Behavior\ReadHtmlCacheBehavior [ RunTime:0.000033s ]
INFO: [ app_begin ] --END-- [ RunTime:0.000085s ]
NOTIC: [8] Undefined index: HTTP_X_FORWARDED_FOR /home/future/PhpstormProjects/cloud/Application/Home/Common/function.php 第 10 行.
NOTIC: [8] Undefined index: HTTP_CLIENT_IP /home/future/PhpstormProjects/cloud/Application/Home/Common/function.php 第 12 行.
INFO: [ app_end ] --START--
INFO: Run Behavior\ShowPageTraceBehavior [ RunTime:0.000035s ]
INFO: [ app_end ] --END-- [ RunTime:0.000061s ]

[ 2016-12-13T16:04:19+08:00 ] ::1 /cloud/index.php/Home/Upload/upload
INFO: [ app_begin ] --START--
INFO: Run Behavior\ReadHtmlCacheBehavior [ RunTime:0.000044s ]
INFO: [ app_begin ] --END-- [ RunTime:0.000108s ]
NOTIC: [8] Undefined index: HTTP_X_FORWARDED_FOR /home/future/PhpstormProjects/cloud/Application/Home/Common/function.php 第 10 行.
NOTIC: [8] Undefined index: HTTP_CLIENT_IP /home/future/PhpstormProjects/cloud/Application/Home/Common/function.php 第 12 行.
INFO: [ app_end ] --START--
INFO: Run Behavior\ShowPageTraceBehavior [ RunTime:0.000040s ]
INFO: [ app_end ] --END-- [ RunTime:0.000085s ]

[ 2016-12-13T16:04:49+08:00 ] ::1 /cloud/index.php/Home/Upload/upload
INFO: [ app_begin ] --START--
INFO: Run Behavior\ReadHtmlCacheBehavior [ RunTime:0.000032s ]
INFO: [ app_begin ] --END-- [ RunTime:0.000085s ]
NOTIC: [8] Undefined index: HTTP_X_FORWARDED_FOR /home/future/PhpstormProjects/cloud/Application/Home/Common/function.php 第 10 行.
NOTIC: [8] Undefined index: HTTP_CLIENT_IP /home/future/PhpstormProjects/cloud/Application/Home/Common/function.php 第 12 行.
INFO: [ app_end ] --START--
INFO: Run Behavior\ShowPageTraceBehavior [ RunTime:0.000035s ]
INFO: [ app_end ] --END-- [ RunTime:0.000061s ]

[ 2016-12-13T16:04:49+08:00 ] ::1 /cloud/index.php/Home/Upload/upload
INFO: [ app_begin ] --START--
INFO: Run Behavior\ReadHtmlCacheBehavior [ RunTime:0.000024s ]
INFO: [ app_begin ] --END-- [ RunTime:0.000061s ]
NOTIC: [8] Undefined index: HTTP_X_FORWARDED_FOR /home/future/PhpstormProjects/cloud/Application/Home/Common/function.php 第 10 行.
NOTIC: [8] Undefined index: HTTP_CLIENT_IP /home/future/PhpstormProjects/cloud/Application/Home/Common/function.php 第 12 行.
INFO: [ app_end ] --START--
INFO: Run Behavior\ShowPageTraceBehavior [ RunTime:0.000023s ]
INFO: [ app_end ] --END-- [ RunTime:0.000044s ]

[ 2016-12-13T16:05:53+08:00 ] ::1 /cloud/index.php/Home/Upload/upload
INFO: [ app_begin ] --START--
INFO: Run Behavior\ReadHtmlCacheBehavior [ RunTime:0.000035s ]
INFO: [ app_begin ] --END-- [ RunTime:0.000093s ]
NOTIC: [8] Undefined index: HTTP_X_FORWARDED_FOR /home/future/PhpstormProjects/cloud/Application/Home/Common/function.php 第 10 行.
NOTIC: [8] Undefined index: HTTP_CLIENT_IP /home/future/PhpstormProjects/cloud/Application/Home/Common/function.php 第 12 行.
INFO: [ app_end ] --START--
INFO: Run Behavior\ShowPageTraceBehavior [ RunTime:0.000038s ]
INFO: [ app_end ] --END-- [ RunTime:0.000064s ]

[ 2016-12-13T16:05:53+08:00 ] ::1 /cloud/index.php/Home/Upload/upload
INFO: [ app_begin ] --START--
INFO: Run Behavior\ReadHtmlCacheBehavior [ RunTime:0.000074s ]
INFO: [ app_begin ] --END-- [ RunTime:0.000166s ]
NOTIC: [8] Undefined index: HTTP_X_FORWARDED_FOR /home/future/PhpstormProjects/cloud/Application/Home/Common/function.php 第 10 行.
NOTIC: [8] Undefined index: HTTP_CLIENT_IP /home/future/PhpstormProjects/cloud/Application/Home/Common/function.php 第 12 行.
INFO: [ app_end ] --START--
INFO: Run Behavior\ShowPageTraceBehavior [ RunTime:0.000047s ]
INFO: [ app_end ] --END-- [ RunTime:0.000092s ]

[ 2016-12-13T16:06:17+08:00 ] ::1 /cloud/index.php/Home/Upload/upload
INFO: [ app_begin ] --START--
INFO: Run Behavior\ReadHtmlCacheBehavior [ RunTime:0.000030s ]
INFO: [ app_begin ] --END-- [ RunTime:0.000078s ]
NOTIC: [8] Undefined index: HTTP_X_FORWARDED_FOR /home/future/PhpstormProjects/cloud/Application/Home/Common/function.php 第 10 行.
NOTIC: [8] Undefined index: HTTP_CLIENT_IP /home/future/PhpstormProjects/cloud/Application/Home/Common/function.php 第 12 行.
INFO: [ app_end ] --START--
INFO: Run Behavior\ShowPageTraceBehavior [ RunTime:0.000032s ]
INFO: [ app_end ] --END-- [ RunTime:0.000056s ]

[ 2016-12-13T16:06:17+08:00 ] ::1 /cloud/index.php/Home/Upload/upload
INFO: [ app_begin ] --START--
INFO: Run Behavior\ReadHtmlCacheBehavior [ RunTime:0.000042s ]
INFO: [ app_begin ] --END-- [ RunTime:0.000109s ]
NOTIC: [8] Undefined index: HTTP_X_FORWARDED_FOR /home/future/PhpstormProjects/cloud/Application/Home/Common/function.php 第 10 行.
NOTIC: [8] Undefined index: HTTP_CLIENT_IP /home/future/PhpstormProjects/cloud/Application/Home/Common/function.php 第 12 行.
INFO: [ app_end ] --START--
INFO: Run Behavior\ShowPageTraceBehavior [ RunTime:0.000037s ]
INFO: [ app_end ] --END-- [ RunTime:0.000077s ]

[ 2016-12-13T16:06:21+08:00 ] ::1 /cloud/index.php/Home/Upload/upload
INFO: [ app_begin ] --START--
INFO: Run Behavior\ReadHtmlCacheBehavior [ RunTime:0.000034s ]
INFO: [ app_begin ] --END-- [ RunTime:0.000091s ]
NOTIC: [8] Undefined index: HTTP_X_FORWARDED_FOR /home/future/PhpstormProjects/cloud/Application/Home/Common/function.php 第 10 行.
NOTIC: [8] Undefined index: HTTP_CLIENT_IP /home/future/PhpstormProjects/cloud/Application/Home/Common/function.php 第 12 行.
INFO: [ app_end ] --START--
INFO: Run Behavior\ShowPageTraceBehavior [ RunTime:0.000035s ]
INFO: [ app_end ] --END-- [ RunTime:0.000065s ]

[ 2016-12-13T16:06:21+08:00 ] ::1 /cloud/index.php/Home/Upload/upload
INFO: [ app_begin ] --START--
INFO: Run Behavior\ReadHtmlCacheBehavior [ RunTime:0.000042s ]
INFO: [ app_begin ] --END-- [ RunTime:0.000108s ]
NOTIC: [8] Undefined index: HTTP_X_FORWARDED_FOR /home/future/PhpstormProjects/cloud/Application/Home/Common/function.php 第 10 行.
NOTIC: [8] Undefined index: HTTP_CLIENT_IP /home/future/PhpstormProjects/cloud/Application/Home/Common/function.php 第 12 行.
INFO: [ app_end ] --START--
INFO: Run Behavior\ShowPageTraceBehavior [ RunTime:0.000037s ]
INFO: [ app_end ] --END-- [ RunTime:0.000074s ]

[ 2016-12-13T16:06:23+08:00 ] ::1 /cloud/index.php/Home/Upload/upload
INFO: [ app_begin ] --START--
INFO: Run Behavior\ReadHtmlCacheBehavior [ RunTime:0.000024s ]
INFO: [ app_begin ] --END-- [ RunTime:0.000063s ]
NOTIC: [8] Undefined index: HTTP_X_FORWARDED_FOR /home/future/PhpstormProjects/cloud/Application/Home/Common/function.php 第 10 行.
NOTIC: [8] Undefined index: HTTP_CLIENT_IP /home/future/PhpstormProjects/cloud/Application/Home/Common/function.php 第 12 行.
INFO: [ app_end ] --START--
INFO: Run Behavior\ShowPageTraceBehavior [ RunTime:0.000024s ]
INFO: [ app_end ] --END-- [ RunTime:0.000047s ]

[ 2016-12-13T16:06:23+08:00 ] ::1 /cloud/index.php/Home/Upload/upload
INFO: [ app_begin ] --START--
INFO: Run Behavior\ReadHtmlCacheBehavior [ RunTime:0.000042s ]
INFO: [ app_begin ] --END-- [ RunTime:0.000105s ]
NOTIC: [8] Undefined index: HTTP_X_FORWARDED_FOR /home/future/PhpstormProjects/cloud/Application/Home/Common/function.php 第 10 行.
NOTIC: [8] Undefined index: HTTP_CLIENT_IP /home/future/PhpstormProjects/cloud/Application/Home/Common/function.php 第 12 行.
INFO: [ app_end ] --START--
INFO: Run Behavior\ShowPageTraceBehavior [ RunTime:0.000034s ]
INFO: [ app_end ] --END-- [ RunTime:0.000073s ]

[ 2016-12-13T19:25:02+08:00 ] ::1 /cloud/index.php/Home/Upload/upload
INFO: [ app_begin ] --START--
INFO: Run Behavior\ReadHtmlCacheBehavior [ RunTime:0.000028s ]
INFO: [ app_begin ] --END-- [ RunTime:0.000074s ]
NOTIC: [8] Undefined index: HTTP_X_FORWARDED_FOR /home/future/PhpstormProjects/cloud/Application/Home/Common/function.php 第 10 行.
NOTIC: [8] Undefined index: HTTP_CLIENT_IP /home/future/PhpstormProjects/cloud/Application/Home/Common/function.php 第 12 行.
INFO: [ app_end ] --START--
INFO: Run Behavior\ShowPageTraceBehavior [ RunTime:0.000025s ]
INFO: [ app_end ] --END-- [ RunTime:0.000041s ]

[ 2016-12-13T19:25:02+08:00 ] ::1 /cloud/index.php/Home/Upload/upload
INFO: [ app_begin ] --START--
INFO: Run Behavior\ReadHtmlCacheBehavior [ RunTime:0.000016s ]
INFO: [ app_begin ] --END-- [ RunTime:0.000041s ]
NOTIC: [8] Undefined index: HTTP_X_FORWARDED_FOR /home/future/PhpstormProjects/cloud/Application/Home/Common/function.php 第 10 行.
NOTIC: [8] Undefined index: HTTP_CLIENT_IP /home/future/PhpstormProjects/cloud/Application/Home/Common/function.php 第 12 行.
INFO: [ app_end ] --START--
INFO: Run Behavior\ShowPageTraceBehavior [ RunTime:0.000015s ]
INFO: [ app_end ] --END-- [ RunTime:0.000030s ]

[ 2016-12-13T19:25:12+08:00 ] ::1 /cloud/index.php/Home/Upload/upload
INFO: [ app_begin ] --START--
INFO: Run Behavior\ReadHtmlCacheBehavior [ RunTime:0.000039s ]
INFO: [ app_begin ] --END-- [ RunTime:0.000105s ]
NOTIC: [8] Undefined index: HTTP_X_FORWARDED_FOR /home/future/PhpstormProjects/cloud/Application/Home/Common/function.php 第 10 行.
NOTIC: [8] Undefined index: HTTP_CLIENT_IP /home/future/PhpstormProjects/cloud/Application/Home/Common/function.php 第 12 行.
INFO: [ app_end ] --START--
INFO: Run Behavior\ShowPageTraceBehavior [ RunTime:0.000041s ]
INFO: [ app_end ] --END-- [ RunTime:0.000065s ]

[ 2016-12-13T19:26:19+08:00 ] ::1 /cloud/index.php/Home/Upload/upload
INFO: [ app_begin ] --START--
INFO: Run Behavior\ReadHtmlCacheBehavior [ RunTime:0.000028s ]
INFO: [ app_begin ] --END-- [ RunTime:0.000078s ]
NOTIC: [8] Undefined index: HTTP_X_FORWARDED_FOR /home/future/PhpstormProjects/cloud/Application/Home/Common/function.php 第 10 行.
NOTIC: [8] Undefined index: HTTP_CLIENT_IP /home/future/PhpstormProjects/cloud/Application/Home/Common/function.php 第 12 行.
ERR: 不存在的图像文件

[ 2016-12-13T19:27:14+08:00 ] ::1 /cloud/index.php/Home/Upload/upload
INFO: [ app_begin ] --START--
INFO: Run Behavior\ReadHtmlCacheBehavior [ RunTime:0.000042s ]
INFO: [ app_begin ] --END-- [ RunTime:0.000117s ]
NOTIC: [8] Undefined index: HTTP_X_FORWARDED_FOR /home/future/PhpstormProjects/cloud/Application/Home/Common/function.php 第 10 行.
NOTIC: [8] Undefined index: HTTP_CLIENT_IP /home/future/PhpstormProjects/cloud/Application/Home/Common/function.php 第 12 行.
ERR: 不存在的图像文件

[ 2016-12-13T19:30:59+08:00 ] ::1 /cloud/index.php/Home/Upload/upload
INFO: [ app_begin ] --START--
INFO: Run Behavior\ReadHtmlCacheBehavior [ RunTime:0.000026s ]
INFO: [ app_begin ] --END-- [ RunTime:0.000069s ]
INFO: [ app_end ] --START--
INFO: Run Behavior\ShowPageTraceBehavior [ RunTime:0.000023s ]
INFO: [ app_end ] --END-- [ RunTime:0.000049s ]

[ 2016-12-13T19:31:25+08:00 ] ::1 /cloud/index.php/Home/Upload/upload
INFO: [ app_begin ] --START--
INFO: Run Behavior\ReadHtmlCacheBehavior [ RunTime:0.000020s ]
INFO: [ app_begin ] --END-- [ RunTime:0.000058s ]
INFO: [ app_end ] --START--
INFO: Run Behavior\ShowPageTraceBehavior [ RunTime:0.000024s ]
INFO: [ app_end ] --END-- [ RunTime:0.000051s ]

[ 2016-12-13T19:31:38+08:00 ] ::1 /cloud/index.php/Home/Upload/upload
INFO: [ app_begin ] --START--
INFO: Run Behavior\ReadHtmlCacheBehavior [ RunTime:0.000030s ]
INFO: [ app_begin ] --END-- [ RunTime:0.000083s ]
INFO: [ app_end ] --START--
INFO: Run Behavior\ShowPageTraceBehavior [ RunTime:0.000031s ]
INFO: [ app_end ] --END-- [ RunTime:0.000062s ]

[ 2016-12-13T19:31:56+08:00 ] ::1 /cloud/index.php/Home/Upload/upload
INFO: [ app_begin ] --START--
INFO: Run Behavior\ReadHtmlCacheBehavior [ RunTime:0.000030s ]
INFO: [ app_begin ] --END-- [ RunTime:0.000075s ]
INFO: [ app_end ] --START--
INFO: Run Behavior\ShowPageTraceBehavior [ RunTime:0.000037s ]
INFO: [ app_end ] --END-- [ RunTime:0.000062s ]

[ 2016-12-13T19:32:16+08:00 ] ::1 /cloud/index.php/Home/Upload/upload
INFO: [ app_begin ] --START--
INFO: Run Behavior\ReadHtmlCacheBehavior [ RunTime:0.000016s ]
INFO: [ app_begin ] --END-- [ RunTime:0.000040s ]
INFO: [ app_end ] --START--
INFO: Run Behavior\ShowPageTraceBehavior [ RunTime:0.000019s ]
INFO: [ app_end ] --END-- [ RunTime:0.000045s ]

[ 2016-12-13T19:34:32+08:00 ] ::1 /cloud/index.php/Home/Upload/upload
INFO: [ app_begin ] --START--
INFO: Run Behavior\ReadHtmlCacheBehavior [ RunTime:0.000026s ]
INFO: [ app_begin ] --END-- [ RunTime:0.000067s ]
NOTIC: [8] Undefined index: HTTP_X_FORWARDED_FOR /home/future/PhpstormProjects/cloud/Application/Home/Common/function.php 第 10 行.
NOTIC: [8] Undefined index: HTTP_CLIENT_IP /home/future/PhpstormProjects/cloud/Application/Home/Common/function.php 第 12 行.
ERR: 不存在的图像文件

[ 2016-12-13T19:34:44+08:00 ] ::1 /cloud/index.php/Home/Upload/upload
INFO: [ app_begin ] --START--
INFO: Run Behavior\ReadHtmlCacheBehavior [ RunTime:0.000044s ]
INFO: [ app_begin ] --END-- [ RunTime:0.000129s ]
NOTIC: [8] Undefined index: HTTP_X_FORWARDED_FOR /home/future/PhpstormProjects/cloud/Application/Home/Common/function.php 第 10 行.
NOTIC: [8] Undefined index: HTTP_CLIENT_IP /home/future/PhpstormProjects/cloud/Application/Home/Common/function.php 第 12 行.
ERR: 不存在的图像文件

[ 2016-12-13T19:34:48+08:00 ] ::1 /cloud/index.php/Home/Upload/upload
INFO: [ app_begin ] --START--
INFO: Run Behavior\ReadHtmlCacheBehavior [ RunTime:0.000034s ]
INFO: [ app_begin ] --END-- [ RunTime:0.000093s ]
NOTIC: [8] Undefined index: HTTP_X_FORWARDED_FOR /home/future/PhpstormProjects/cloud/Application/Home/Common/function.php 第 10 行.
NOTIC: [8] Undefined index: HTTP_CLIENT_IP /home/future/PhpstormProjects/cloud/Application/Home/Common/function.php 第 12 行.
ERR: 不存在的图像文件

[ 2016-12-13T19:35:10+08:00 ] ::1 /cloud/index.php/Home/Upload/upload
INFO: [ app_begin ] --START--
INFO: Run Behavior\ReadHtmlCacheBehavior [ RunTime:0.000028s ]
INFO: [ app_begin ] --END-- [ RunTime:0.000076s ]
NOTIC: [8] Undefined index: HTTP_X_FORWARDED_FOR /home/future/PhpstormProjects/cloud/Application/Home/Common/function.php 第 10 行.
NOTIC: [8] Undefined index: HTTP_CLIENT_IP /home/future/PhpstormProjects/cloud/Application/Home/Common/function.php 第 12 行.
ERR: 不存在的图像文件

[ 2016-12-13T19:35:12+08:00 ] ::1 /cloud/index.php/Home/Upload/upload
INFO: [ app_begin ] --START--
INFO: Run Behavior\ReadHtmlCacheBehavior [ RunTime:0.000028s ]
INFO: [ app_begin ] --END-- [ RunTime:0.000075s ]
NOTIC: [8] Undefined index: HTTP_X_FORWARDED_FOR /home/future/PhpstormProjects/cloud/Application/Home/Common/function.php 第 10 行.
NOTIC: [8] Undefined index: HTTP_CLIENT_IP /home/future/PhpstormProjects/cloud/Application/Home/Common/function.php 第 12 行.
ERR: 不存在的图像文件

[ 2016-12-13T19:35:45+08:00 ] ::1 /cloud/index.php/Home/Upload/upload
INFO: [ app_begin ] --START--
INFO: Run Behavior\ReadHtmlCacheBehavior [ RunTime:0.000022s ]
INFO: [ app_begin ] --END-- [ RunTime:0.000057s ]
NOTIC: [8] Undefined index: HTTP_X_FORWARDED_FOR /home/future/PhpstormProjects/cloud/Application/Home/Common/function.php 第 10 行.
NOTIC: [8] Undefined index: HTTP_CLIENT_IP /home/future/PhpstormProjects/cloud/Application/Home/Common/function.php 第 12 行.
ERR: 不存在的图像文件

[ 2016-12-13T19:35:51+08:00 ] ::1 /cloud/index.php/Home/Upload/upload
INFO: [ app_begin ] --START--
INFO: Run Behavior\ReadHtmlCacheBehavior [ RunTime:0.000046s ]
INFO: [ app_begin ] --END-- [ RunTime:0.000123s ]
NOTIC: [8] Undefined index: HTTP_X_FORWARDED_FOR /home/future/PhpstormProjects/cloud/Application/Home/Common/function.php 第 10 行.
NOTIC: [8] Undefined index: HTTP_CLIENT_IP /home/future/PhpstormProjects/cloud/Application/Home/Common/function.php 第 12 行.
ERR: 不存在的图像文件

[ 2016-12-13T19:35:58+08:00 ] ::1 /cloud/index.php/Home/Upload/upload
INFO: [ app_begin ] --START--
INFO: Run Behavior\ReadHtmlCacheBehavior [ RunTime:0.000031s ]
INFO: [ app_begin ] --END-- [ RunTime:0.000087s ]
NOTIC: [8] Undefined index: HTTP_X_FORWARDED_FOR /home/future/PhpstormProjects/cloud/Application/Home/Common/function.php 第 10 行.
NOTIC: [8] Undefined index: HTTP_CLIENT_IP /home/future/PhpstormProjects/cloud/Application/Home/Common/function.php 第 12 行.
ERR: 不存在的图像文件

[ 2016-12-13T19:36:16+08:00 ] ::1 /cloud/index.php/Home/Upload/upload
INFO: [ app_begin ] --START--
INFO: Run Behavior\ReadHtmlCacheBehavior [ RunTime:0.000016s ]
INFO: [ app_begin ] --END-- [ RunTime:0.000042s ]
NOTIC: [8] Undefined index: HTTP_X_FORWARDED_FOR /home/future/PhpstormProjects/cloud/Application/Home/Common/function.php 第 10 行.
NOTIC: [8] Undefined index: HTTP_CLIENT_IP /home/future/PhpstormProjects/cloud/Application/Home/Common/function.php 第 12 行.
INFO: [ app_end ] --START--
INFO: Run Behavior\ShowPageTraceBehavior [ RunTime:0.000017s ]
INFO: [ app_end ] --END-- [ RunTime:0.000034s ]

[ 2016-12-13T19:41:45+08:00 ] ::1 /cloud/index.php/Home/Upload/upload
INFO: [ app_begin ] --START--
INFO: Run Behavior\ReadHtmlCacheBehavior [ RunTime:0.000043s ]
INFO: [ app_begin ] --END-- [ RunTime:0.000120s ]
NOTIC: [8] Undefined index: HTTP_X_FORWARDED_FOR /home/future/PhpstormProjects/cloud/Application/Home/Common/function.php 第 10 行.
NOTIC: [8] Undefined index: HTTP_CLIENT_IP /home/future/PhpstormProjects/cloud/Application/Home/Common/function.php 第 12 行.
INFO: [ app_end ] --START--
INFO: Run Behavior\ShowPageTraceBehavior [ RunTime:0.000046s ]
INFO: [ app_end ] --END-- [ RunTime:0.000076s ]

[ 2016-12-13T19:41:50+08:00 ] ::1 /cloud/index.php/Home/Upload/upload
INFO: [ app_begin ] --START--
INFO: Run Behavior\ReadHtmlCacheBehavior [ RunTime:0.000023s ]
INFO: [ app_begin ] --END-- [ RunTime:0.000065s ]
NOTIC: [8] Undefined index: HTTP_X_FORWARDED_FOR /home/future/PhpstormProjects/cloud/Application/Home/Common/function.php 第 10 行.
NOTIC: [8] Undefined index: HTTP_CLIENT_IP /home/future/PhpstormProjects/cloud/Application/Home/Common/function.php 第 12 行.
INFO: [ app_end ] --START--
INFO: Run Behavior\ShowPageTraceBehavior [ RunTime:0.000024s ]
INFO: [ app_end ] --END-- [ RunTime:0.000048s ]

[ 2016-12-13T19:43:03+08:00 ] ::1 /cloud/index.php/Home/Upload/upload
INFO: [ app_begin ] --START--
INFO: Run Behavior\ReadHtmlCacheBehavior [ RunTime:0.000016s ]
INFO: [ app_begin ] --END-- [ RunTime:0.000043s ]
NOTIC: [8] Undefined index: HTTP_X_FORWARDED_FOR /home/future/PhpstormProjects/cloud/Application/Home/Common/function.php 第 10 行.
NOTIC: [8] Undefined index: HTTP_CLIENT_IP /home/future/PhpstormProjects/cloud/Application/Home/Common/function.php 第 12 行.
INFO: [ app_end ] --START--
INFO: Run Behavior\ShowPageTraceBehavior [ RunTime:0.000015s ]
INFO: [ app_end ] --END-- [ RunTime:0.000030s ]

[ 2016-12-13T19:43:06+08:00 ] ::1 /cloud/index.php/Home/Upload/upload
INFO: [ app_begin ] --START--
INFO: Run Behavior\ReadHtmlCacheBehavior [ RunTime:0.000053s ]
INFO: [ app_begin ] --END-- [ RunTime:0.000147s ]
NOTIC: [8] Undefined index: HTTP_X_FORWARDED_FOR /home/future/PhpstormProjects/cloud/Application/Home/Common/function.php 第 10 行.
NOTIC: [8] Undefined index: HTTP_CLIENT_IP /home/future/PhpstormProjects/cloud/Application/Home/Common/function.php 第 12 行.
INFO: [ app_end ] --START--
INFO: Run Behavior\ShowPageTraceBehavior [ RunTime:0.000054s ]
INFO: [ app_end ] --END-- [ RunTime:0.000103s ]

[ 2016-12-13T19:43:10+08:00 ] ::1 /cloud/index.php/Home/Upload/upload
INFO: [ app_begin ] --START--
INFO: Run Behavior\ReadHtmlCacheBehavior [ RunTime:0.000043s ]
INFO: [ app_begin ] --END-- [ RunTime:0.000113s ]
NOTIC: [8] Undefined index: HTTP_X_FORWARDED_FOR /home/future/PhpstormProjects/cloud/Application/Home/Common/function.php 第 10 行.
NOTIC: [8] Undefined index: HTTP_CLIENT_IP /home/future/PhpstormProjects/cloud/Application/Home/Common/function.php 第 12 行.
INFO: [ app_end ] --START--
INFO: Run Behavior\ShowPageTraceBehavior [ RunTime:0.000046s ]
INFO: [ app_end ] --END-- [ RunTime:0.000086s ]

[ 2016-12-13T19:43:24+08:00 ] ::1 /cloud/index.php/Home/Upload/upload
INFO: [ app_begin ] --START--
INFO: Run Behavior\ReadHtmlCacheBehavior [ RunTime:0.000022s ]
INFO: [ app_begin ] --END-- [ RunTime:0.000060s ]
NOTIC: [8] Undefined index: HTTP_X_FORWARDED_FOR /home/future/PhpstormProjects/cloud/Application/Home/Common/function.php 第 10 行.
NOTIC: [8] Undefined index: HTTP_CLIENT_IP /home/future/PhpstormProjects/cloud/Application/Home/Common/function.php 第 12 行.
INFO: [ app_end ] --START--
INFO: Run Behavior\ShowPageTraceBehavior [ RunTime:0.000022s ]
INFO: [ app_end ] --END-- [ RunTime:0.000042s ]

[ 2016-12-13T19:43:45+08:00 ] ::1 /cloud/index.php/Home/Upload/upload
INFO: [ app_begin ] --START--
INFO: Run Behavior\ReadHtmlCacheBehavior [ RunTime:0.000021s ]
INFO: [ app_begin ] --END-- [ RunTime:0.000056s ]
NOTIC: [8] Undefined index: HTTP_X_FORWARDED_FOR /home/future/PhpstormProjects/cloud/Application/Home/Common/function.php 第 10 行.
NOTIC: [8] Undefined index: HTTP_CLIENT_IP /home/future/PhpstormProjects/cloud/Application/Home/Common/function.php 第 12 行.
INFO: [ app_end ] --START--
INFO: Run Behavior\ShowPageTraceBehavior [ RunTime:0.000021s ]
INFO: [ app_end ] --END-- [ RunTime:0.000043s ]

[ 2016-12-13T19:43:50+08:00 ] ::1 /cloud/index.php/Home/Upload/upload
INFO: [ app_begin ] --START--
INFO: Run Behavior\ReadHtmlCacheBehavior [ RunTime:0.000066s ]
INFO: [ app_begin ] --END-- [ RunTime:0.000168s ]
NOTIC: [8] Undefined index: HTTP_X_FORWARDED_FOR /home/future/PhpstormProjects/cloud/Application/Home/Common/function.php 第 10 行.
NOTIC: [8] Undefined index: HTTP_CLIENT_IP /home/future/PhpstormProjects/cloud/Application/Home/Common/function.php 第 12 行.
INFO: [ app_end ] --START--
INFO: Run Behavior\ShowPageTraceBehavior [ RunTime:0.000065s ]
INFO: [ app_end ] --END-- [ RunTime:0.000112s ]

[ 2016-12-13T19:44:23+08:00 ] ::1 /cloud/index.php/Home/Upload/upload
INFO: [ app_begin ] --START--
INFO: Run Behavior\ReadHtmlCacheBehavior [ RunTime:0.000021s ]
INFO: [ app_begin ] --END-- [ RunTime:0.000055s ]
NOTIC: [8] Undefined index: HTTP_X_FORWARDED_FOR /home/future/PhpstormProjects/cloud/Application/Home/Common/function.php 第 10 行.
NOTIC: [8] Undefined index: HTTP_CLIENT_IP /home/future/PhpstormProjects/cloud/Application/Home/Common/function.php 第 12 行.
INFO: [ app_end ] --START--
INFO: Run Behavior\ShowPageTraceBehavior [ RunTime:0.000021s ]
INFO: [ app_end ] --END-- [ RunTime:0.000043s ]

[ 2016-12-13T19:44:32+08:00 ] ::1 /cloud/index.php/Home/Upload/upload
INFO: [ app_begin ] --START--
INFO: Run Behavior\ReadHtmlCacheBehavior [ RunTime:0.000029s ]
INFO: [ app_begin ] --END-- [ RunTime:0.000081s ]
NOTIC: [8] Undefined index: HTTP_X_FORWARDED_FOR /home/future/PhpstormProjects/cloud/Application/Home/Common/function.php 第 10 行.
NOTIC: [8] Undefined index: HTTP_CLIENT_IP /home/future/PhpstormProjects/cloud/Application/Home/Common/function.php 第 12 行.
INFO: [ app_end ] --START--
INFO: Run Behavior\ShowPageTraceBehavior [ RunTime:0.000044s ]
INFO: [ app_end ] --END-- [ RunTime:0.000090s ]

[ 2016-12-13T19:44:45+08:00 ] ::1 /cloud/index.php/Home/Upload/upload
INFO: [ app_begin ] --START--
INFO: Run Behavior\ReadHtmlCacheBehavior [ RunTime:0.000023s ]
INFO: [ app_begin ] --END-- [ RunTime:0.000059s ]
NOTIC: [8] Undefined index: HTTP_X_FORWARDED_FOR /home/future/PhpstormProjects/cloud/Application/Home/Common/function.php 第 10 行.
NOTIC: [8] Undefined index: HTTP_CLIENT_IP /home/future/PhpstormProjects/cloud/Application/Home/Common/function.php 第 12 行.
ERR: 不存在的图像文件

[ 2016-12-13T19:45:24+08:00 ] ::1 /cloud/index.php/Home/Upload/upload
INFO: [ app_begin ] --START--
INFO: Run Behavior\ReadHtmlCacheBehavior [ RunTime:0.000040s ]
INFO: [ app_begin ] --END-- [ RunTime:0.000107s ]
NOTIC: [8] Undefined index: HTTP_X_FORWARDED_FOR /home/future/PhpstormProjects/cloud/Application/Home/Common/function.php 第 10 行.
NOTIC: [8] Undefined index: HTTP_CLIENT_IP /home/future/PhpstormProjects/cloud/Application/Home/Common/function.php 第 12 行.
INFO: [ app_end ] --START--
INFO: Run Behavior\ShowPageTraceBehavior [ RunTime:0.000048s ]
INFO: [ app_end ] --END-- [ RunTime:0.000091s ]

[ 2016-12-13T19:45:46+08:00 ] ::1 /cloud/index.php/Home/Upload/upload
INFO: [ app_begin ] --START--
INFO: Run Behavior\ReadHtmlCacheBehavior [ RunTime:0.000024s ]
INFO: [ app_begin ] --END-- [ RunTime:0.000061s ]
NOTIC: [8] Undefined index: HTTP_X_FORWARDED_FOR /home/future/PhpstormProjects/cloud/Application/Home/Common/function.php 第 10 行.
NOTIC: [8] Undefined index: HTTP_CLIENT_IP /home/future/PhpstormProjects/cloud/Application/Home/Common/function.php 第 12 行.
INFO: [ app_end ] --START--
INFO: Run Behavior\ShowPageTraceBehavior [ RunTime:0.000027s ]
INFO: [ app_end ] --END-- [ RunTime:0.000056s ]

[ 2016-12-13T19:46:02+08:00 ] ::1 /cloud/index.php/Home/Upload/upload
INFO: [ app_begin ] --START--
INFO: Run Behavior\ReadHtmlCacheBehavior [ RunTime:0.000016s ]
INFO: [ app_begin ] --END-- [ RunTime:0.000042s ]
NOTIC: [8] Undefined index: HTTP_X_FORWARDED_FOR /home/future/PhpstormProjects/cloud/Application/Home/Common/function.php 第 10 行.
NOTIC: [8] Undefined index: HTTP_CLIENT_IP /home/future/PhpstormProjects/cloud/Application/Home/Common/function.php 第 12 行.
INFO: [ app_end ] --START--
INFO: Run Behavior\ShowPageTraceBehavior [ RunTime:0.000014s ]
INFO: [ app_end ] --END-- [ RunTime:0.000032s ]

[ 2016-12-13T19:46:05+08:00 ] ::1 /cloud/index.php/Home/Upload/upload
INFO: [ app_begin ] --START--
INFO: Run Behavior\ReadHtmlCacheBehavior [ RunTime:0.000032s ]
INFO: [ app_begin ] --END-- [ RunTime:0.000084s ]
NOTIC: [8] Undefined index: HTTP_X_FORWARDED_FOR /home/future/PhpstormProjects/cloud/Application/Home/Common/function.php 第 10 行.
NOTIC: [8] Undefined index: HTTP_CLIENT_IP /home/future/PhpstormProjects/cloud/Application/Home/Common/function.php 第 12 行.
INFO: [ app_end ] --START--
INFO: Run Behavior\ShowPageTraceBehavior [ RunTime:0.000027s ]
INFO: [ app_end ] --END-- [ RunTime:0.000055s ]

[ 2016-12-13T19:46:21+08:00 ] ::1 /cloud/index.php/Home/Upload/upload
INFO: [ app_begin ] --START--
INFO: Run Behavior\ReadHtmlCacheBehavior [ RunTime:0.000020s ]
INFO: [ app_begin ] --END-- [ RunTime:0.000053s ]
NOTIC: [8] Undefined index: HTTP_X_FORWARDED_FOR /home/future/PhpstormProjects/cloud/Application/Home/Common/function.php 第 10 行.
NOTIC: [8] Undefined index: HTTP_CLIENT_IP /home/future/PhpstormProjects/cloud/Application/Home/Common/function.php 第 12 行.
ERR: 不存在的图像文件

[ 2016-12-13T19:46:45+08:00 ] ::1 /cloud/index.php/Home/Upload/upload
INFO: [ app_begin ] --START--
INFO: Run Behavior\ReadHtmlCacheBehavior [ RunTime:0.000023s ]
INFO: [ app_begin ] --END-- [ RunTime:0.000059s ]
NOTIC: [8] Undefined index: HTTP_X_FORWARDED_FOR /home/future/PhpstormProjects/cloud/Application/Home/Common/function.php 第 10 行.
NOTIC: [8] Undefined index: HTTP_CLIENT_IP /home/future/PhpstormProjects/cloud/Application/Home/Common/function.php 第 12 行.
INFO: [ app_end ] --START--
INFO: Run Behavior\ShowPageTraceBehavior [ RunTime:0.000020s ]
INFO: [ app_end ] --END-- [ RunTime:0.000048s ]

[ 2016-12-13T19:47:02+08:00 ] ::1 /cloud/index.php/Home/Upload/upload
INFO: [ app_begin ] --START--
INFO: Run Behavior\ReadHtmlCacheBehavior [ RunTime:0.000032s ]
INFO: [ app_begin ] --END-- [ RunTime:0.000085s ]
NOTIC: [8] Undefined index: HTTP_X_FORWARDED_FOR /home/future/PhpstormProjects/cloud/Application/Home/Common/function.php 第 10 行.
NOTIC: [8] Undefined index: HTTP_CLIENT_IP /home/future/PhpstormProjects/cloud/Application/Home/Common/function.php 第 12 行.
ERR: 不存在的图像文件

[ 2016-12-13T19:48:05+08:00 ] ::1 /cloud/index.php/Home/Upload/upload
INFO: [ app_begin ] --START--
INFO: Run Behavior\ReadHtmlCacheBehavior [ RunTime:0.000013s ]
INFO: [ app_begin ] --END-- [ RunTime:0.000033s ]
NOTIC: [8] Undefined index: HTTP_X_FORWARDED_FOR /home/future/PhpstormProjects/cloud/Application/Home/Common/function.php 第 10 行.
NOTIC: [8] Undefined index: HTTP_CLIENT_IP /home/future/PhpstormProjects/cloud/Application/Home/Common/function.php 第 12 行.
ERR: 不存在的图像文件

[ 2016-12-13T19:48:17+08:00 ] ::1 /cloud/index.php/Home/Upload/upload
INFO: [ app_begin ] --START--
INFO: Run Behavior\ReadHtmlCacheBehavior [ RunTime:0.000014s ]
INFO: [ app_begin ] --END-- [ RunTime:0.000038s ]
NOTIC: [8] Undefined index: HTTP_X_FORWARDED_FOR /home/future/PhpstormProjects/cloud/Application/Home/Common/function.php 第 10 行.
NOTIC: [8] Undefined index: HTTP_CLIENT_IP /home/future/PhpstormProjects/cloud/Application/Home/Common/function.php 第 12 行.
INFO: [ app_end ] --START--
INFO: Run Behavior\ShowPageTraceBehavior [ RunTime:0.000012s ]
INFO: [ app_end ] --END-- [ RunTime:0.000029s ]

[ 2016-12-13T19:48:31+08:00 ] ::1 /cloud/index.php/Home/Upload/upload
INFO: [ app_begin ] --START--
INFO: Run Behavior\ReadHtmlCacheBehavior [ RunTime:0.000020s ]
INFO: [ app_begin ] --END-- [ RunTime:0.000052s ]
NOTIC: [8] Undefined index: HTTP_X_FORWARDED_FOR /home/future/PhpstormProjects/cloud/Application/Home/Common/function.php 第 10 行.
NOTIC: [8] Undefined index: HTTP_CLIENT_IP /home/future/PhpstormProjects/cloud/Application/Home/Common/function.php 第 12 行.
INFO: [ app_end ] --START--
INFO: Run Behavior\ShowPageTraceBehavior [ RunTime:0.000018s ]
INFO: [ app_end ] --END-- [ RunTime:0.000039s ]

[ 2016-12-13T19:48:46+08:00 ] ::1 /cloud/index.php/Home/Upload/upload
INFO: [ app_begin ] --START--
INFO: Run Behavior\ReadHtmlCacheBehavior [ RunTime:0.000020s ]
INFO: [ app_begin ] --END-- [ RunTime:0.000054s ]
NOTIC: [8] Undefined index: HTTP_X_FORWARDED_FOR /home/future/PhpstormProjects/cloud/Application/Home/Common/function.php 第 10 行.
NOTIC: [8] Undefined index: HTTP_CLIENT_IP /home/future/PhpstormProjects/cloud/Application/Home/Common/function.php 第 12 行.
INFO: [ app_end ] --START--
INFO: Run Behavior\ShowPageTraceBehavior [ RunTime:0.000020s ]
INFO: [ app_end ] --END-- [ RunTime:0.000044s ]

[ 2016-12-13T19:48:48+08:00 ] ::1 /cloud/index.php/Home/Upload/upload
INFO: [ app_begin ] --START--
INFO: Run Behavior\ReadHtmlCacheBehavior [ RunTime:0.000044s ]
INFO: [ app_begin ] --END-- [ RunTime:0.000117s ]
NOTIC: [8] Undefined index: HTTP_X_FORWARDED_FOR /home/future/PhpstormProjects/cloud/Application/Home/Common/function.php 第 10 行.
NOTIC: [8] Undefined index: HTTP_CLIENT_IP /home/future/PhpstormProjects/cloud/Application/Home/Common/function.php 第 12 行.
INFO: [ app_end ] --START--
INFO: Run Behavior\ShowPageTraceBehavior [ RunTime:0.000041s ]
INFO: [ app_end ] --END-- [ RunTime:0.000092s ]

[ 2016-12-13T19:48:54+08:00 ] ::1 /cloud/index.php/Home/Upload/upload
INFO: [ app_begin ] --START--
INFO: Run Behavior\ReadHtmlCacheBehavior [ RunTime:0.000034s ]
INFO: [ app_begin ] --END-- [ RunTime:0.000092s ]
NOTIC: [8] Undefined index: HTTP_X_FORWARDED_FOR /home/future/PhpstormProjects/cloud/Application/Home/Common/function.php 第 10 行.
NOTIC: [8] Undefined index: HTTP_CLIENT_IP /home/future/PhpstormProjects/cloud/Application/Home/Common/function.php 第 12 行.
INFO: [ app_end ] --START--
INFO: Run Behavior\ShowPageTraceBehavior [ RunTime:0.000031s ]
INFO: [ app_end ] --END-- [ RunTime:0.000068s ]

[ 2016-12-13T19:49:08+08:00 ] ::1 /cloud/index.php/Home/Upload/upload
INFO: [ app_begin ] --START--
INFO: Run Behavior\ReadHtmlCacheBehavior [ RunTime:0.000016s ]
INFO: [ app_begin ] --END-- [ RunTime:0.000041s ]
NOTIC: [8] Undefined index: HTTP_X_FORWARDED_FOR /home/future/PhpstormProjects/cloud/Application/Home/Common/function.php 第 10 行.
NOTIC: [8] Undefined index: HTTP_CLIENT_IP /home/future/PhpstormProjects/cloud/Application/Home/Common/function.php 第 12 行.
INFO: [ app_end ] --START--
INFO: Run Behavior\ShowPageTraceBehavior [ RunTime:0.000014s ]
INFO: [ app_end ] --END-- [ RunTime:0.000031s ]

[ 2016-12-13T19:49:21+08:00 ] ::1 /cloud/index.php/Home/Upload/upload
INFO: [ app_begin ] --START--
INFO: Run Behavior\ReadHtmlCacheBehavior [ RunTime:0.000027s ]
INFO: [ app_begin ] --END-- [ RunTime:0.000076s ]
NOTIC: [8] Undefined index: HTTP_X_FORWARDED_FOR /home/future/PhpstormProjects/cloud/Application/Home/Common/function.php 第 10 行.
NOTIC: [8] Undefined index: HTTP_CLIENT_IP /home/future/PhpstormProjects/cloud/Application/Home/Common/function.php 第 12 行.
ERR: 不存在的图像文件

[ 2016-12-13T19:49:30+08:00 ] ::1 /cloud/index.php/Home/Upload/upload
INFO: [ app_begin ] --START--
INFO: Run Behavior\ReadHtmlCacheBehavior [ RunTime:0.000027s ]
INFO: [ app_begin ] --END-- [ RunTime:0.000074s ]
NOTIC: [8] Undefined index: HTTP_X_FORWARDED_FOR /home/future/PhpstormProjects/cloud/Application/Home/Common/function.php 第 10 行.
NOTIC: [8] Undefined index: HTTP_CLIENT_IP /home/future/PhpstormProjects/cloud/Application/Home/Common/function.php 第 12 行.
INFO: [ app_end ] --START--
INFO: Run Behavior\ShowPageTraceBehavior [ RunTime:0.000025s ]
INFO: [ app_end ] --END-- [ RunTime:0.000055s ]

[ 2016-12-13T19:49:40+08:00 ] ::1 /cloud/index.php/Home/Upload/upload
INFO: [ app_begin ] --START--
INFO: Run Behavior\ReadHtmlCacheBehavior [ RunTime:0.000018s ]
INFO: [ app_begin ] --END-- [ RunTime:0.000049s ]
NOTIC: [8] Undefined index: HTTP_X_FORWARDED_FOR /home/future/PhpstormProjects/cloud/Application/Home/Common/function.php 第 10 行.
NOTIC: [8] Undefined index: HTTP_CLIENT_IP /home/future/PhpstormProjects/cloud/Application/Home/Common/function.php 第 12 行.
ERR: 不存在的图像文件

[ 2016-12-13T19:52:31+08:00 ] ::1 /cloud/index.php/Home/Upload/upload
INFO: [ app_begin ] --START--
INFO: Run Behavior\ReadHtmlCacheBehavior [ RunTime:0.000065s ]
INFO: [ app_begin ] --END-- [ RunTime:0.000166s ]
NOTIC: [8] Undefined index: HTTP_X_FORWARDED_FOR /home/future/PhpstormProjects/cloud/Application/Home/Common/function.php 第 10 行.
NOTIC: [8] Undefined index: HTTP_CLIENT_IP /home/future/PhpstormProjects/cloud/Application/Home/Common/function.php 第 12 行.
ERR: 不存在的图像文件

[ 2016-12-13T19:52:34+08:00 ] ::1 /cloud/index.php/Home/Upload/upload
INFO: [ app_begin ] --START--
INFO: Run Behavior\ReadHtmlCacheBehavior [ RunTime:0.000030s ]
INFO: [ app_begin ] --END-- [ RunTime:0.000083s ]
NOTIC: [8] Undefined index: HTTP_X_FORWARDED_FOR /home/future/PhpstormProjects/cloud/Application/Home/Common/function.php 第 10 行.
NOTIC: [8] Undefined index: HTTP_CLIENT_IP /home/future/PhpstormProjects/cloud/Application/Home/Common/function.php 第 12 行.
ERR: 不存在的图像文件

[ 2016-12-13T19:52:55+08:00 ] ::1 /cloud/index.php/Home/Upload/upload
INFO: [ app_begin ] --START--
INFO: Run Behavior\ReadHtmlCacheBehavior [ RunTime:0.000045s ]
INFO: [ app_begin ] --END-- [ RunTime:0.000116s ]
NOTIC: [8] Undefined index: HTTP_X_FORWARDED_FOR /home/future/PhpstormProjects/cloud/Application/Home/Common/function.php 第 10 行.
NOTIC: [8] Undefined index: HTTP_CLIENT_IP /home/future/PhpstormProjects/cloud/Application/Home/Common/function.php 第 12 行.
ERR: 不存在的图像文件

[ 2016-12-13T19:53:10+08:00 ] ::1 /cloud/index.php/Home/Upload/upload
INFO: [ app_begin ] --START--
INFO: Run Behavior\ReadHtmlCacheBehavior [ RunTime:0.000037s ]
INFO: [ app_begin ] --END-- [ RunTime:0.000097s ]
NOTIC: [8] Undefined index: HTTP_X_FORWARDED_FOR /home/future/PhpstormProjects/cloud/Application/Home/Common/function.php 第 10 行.
NOTIC: [8] Undefined index: HTTP_CLIENT_IP /home/future/PhpstormProjects/cloud/Application/Home/Common/function.php 第 12 行.
ERR: 不存在的图像文件

[ 2016-12-13T19:53:59+08:00 ] ::1 /cloud/index.php/Home/Upload/upload
INFO: [ app_begin ] --START--
INFO: Run Behavior\ReadHtmlCacheBehavior [ RunTime:0.000022s ]
INFO: [ app_begin ] --END-- [ RunTime:0.000056s ]
NOTIC: [8] Undefined index: HTTP_X_FORWARDED_FOR /home/future/PhpstormProjects/cloud/Application/Home/Common/function.php 第 10 行.
NOTIC: [8] Undefined index: HTTP_CLIENT_IP /home/future/PhpstormProjects/cloud/Application/Home/Common/function.php 第 12 行.
INFO: [ app_end ] --START--
INFO: Run Behavior\ShowPageTraceBehavior [ RunTime:0.000020s ]
INFO: [ app_end ] --END-- [ RunTime:0.000042s ]

[ 2016-12-13T19:55:05+08:00 ] ::1 /cloud/index.php/Home/Upload/upload
INFO: [ app_begin ] --START--
INFO: Run Behavior\ReadHtmlCacheBehavior [ RunTime:0.000046s ]
INFO: [ app_begin ] --END-- [ RunTime:0.000125s ]
NOTIC: [8] Undefined index: HTTP_X_FORWARDED_FOR /home/future/PhpstormProjects/cloud/Application/Home/Common/function.php 第 10 行.
NOTIC: [8] Undefined index: HTTP_CLIENT_IP /home/future/PhpstormProjects/cloud/Application/Home/Common/function.php 第 12 行.
INFO: [ app_end ] --START--
INFO: Run Behavior\ShowPageTraceBehavior [ RunTime:0.000039s ]
INFO: [ app_end ] --END-- [ RunTime:0.000082s ]

[ 2016-12-13T19:55:45+08:00 ] ::1 /cloud/index.php/Home/Upload/upload
INFO: [ app_begin ] --START--
INFO: Run Behavior\ReadHtmlCacheBehavior [ RunTime:0.000041s ]
INFO: [ app_begin ] --END-- [ RunTime:0.000110s ]
NOTIC: [8] Undefined index: HTTP_X_FORWARDED_FOR /home/future/PhpstormProjects/cloud/Application/Home/Common/function.php 第 10 行.
NOTIC: [8] Undefined index: HTTP_CLIENT_IP /home/future/PhpstormProjects/cloud/Application/Home/Common/function.php 第 12 行.
INFO: [ app_end ] --START--
INFO: Run Behavior\ShowPageTraceBehavior [ RunTime:0.000040s ]
INFO: [ app_end ] --END-- [ RunTime:0.000095s ]

[ 2016-12-13T19:56:18+08:00 ] ::1 /cloud/index.php/Home/Upload/upload
INFO: [ app_begin ] --START--
INFO: Run Behavior\ReadHtmlCacheBehavior [ RunTime:0.000024s ]
INFO: [ app_begin ] --END-- [ RunTime:0.000063s ]
NOTIC: [8] Undefined index: HTTP_X_FORWARDED_FOR /home/future/PhpstormProjects/cloud/Application/Home/Common/function.php 第 10 行.
NOTIC: [8] Undefined index: HTTP_CLIENT_IP /home/future/PhpstormProjects/cloud/Application/Home/Common/function.php 第 12 行.
INFO: [ app_end ] --START--
INFO: Run Behavior\ShowPageTraceBehavior [ RunTime:0.000020s ]
INFO: [ app_end ] --END-- [ RunTime:0.000048s ]

[ 2016-12-13T19:56:25+08:00 ] ::1 /cloud/index.php/Home/Upload/upload
INFO: [ app_begin ] --START--
INFO: Run Behavior\ReadHtmlCacheBehavior [ RunTime:0.000029s ]
INFO: [ app_begin ] --END-- [ RunTime:0.000075s ]
NOTIC: [8] Undefined index: HTTP_X_FORWARDED_FOR /home/future/PhpstormProjects/cloud/Application/Home/Common/function.php 第 10 行.
NOTIC: [8] Undefined index: HTTP_CLIENT_IP /home/future/PhpstormProjects/cloud/Application/Home/Common/function.php 第 12 行.
INFO: [ app_end ] --START--
INFO: Run Behavior\ShowPageTraceBehavior [ RunTime:0.000028s ]
INFO: [ app_end ] --END-- [ RunTime:0.000057s ]

[ 2016-12-13T19:57:26+08:00 ] ::1 /cloud/index.php/Home/Upload/upload
INFO: [ app_begin ] --START--
INFO: Run Behavior\ReadHtmlCacheBehavior [ RunTime:0.000057s ]
INFO: [ app_begin ] --END-- [ RunTime:0.000143s ]
NOTIC: [8] Undefined index: HTTP_X_FORWARDED_FOR /home/future/PhpstormProjects/cloud/Application/Home/Common/function.php 第 10 行.
NOTIC: [8] Undefined index: HTTP_CLIENT_IP /home/future/PhpstormProjects/cloud/Application/Home/Common/function.php 第 12 行.
INFO: [ app_end ] --START--
INFO: Run Behavior\ShowPageTraceBehavior [ RunTime:0.000054s ]
INFO: [ app_end ] --END-- [ RunTime:0.000103s ]

[ 2016-12-13T23:25:04+08:00 ] ::1 /cloud/index.php/Home/Show/index
ERR: SQLSTATE[HY000] [1045] Access denied for user ''@'localhost' (using password: YES)

[ 2016-12-13T23:25:07+08:00 ] ::1 /cloud/index.php/Home/Show/index
ERR: SQLSTATE[HY000] [1045] Access denied for user ''@'localhost' (using password: YES)

[ 2016-12-13T23:26:28+08:00 ] ::1 /cloud/index.php/Home/Show/index
ERR: SQLSTATE[HY000] [1045] Access denied for user ''@'localhost' (using password: YES)

[ 2016-12-13T23:27:31+08:00 ] ::1 /cloud/index.php/Home/Index/index
ERR: _STORAGE_WRITE_ERROR_:./Application/Runtime/Cache/Home/2a94b8bda04ff446dcedd42276fc99ee.php

[ 2016-12-13T23:43:59+08:00 ] ::1 /cloud/index.php/home/show
ERR: SQLSTATE[HY000] [1045] Access denied for user ''@'localhost' (using password: YES)

[ 2016-12-13T23:45:41+08:00 ] ::1 /cloud/index.php/home/show
ERR: SQLSTATE[HY000] [1045] Access denied for user ''@'localhost' (using password: YES)

[ 2016-12-13T23:51:46+08:00 ] ::1 /cloud/index.php/home/show
ERR: syntax error, unexpected 'xXXXX' (T_STRING), expecting function (T_FUNCTION)

[ 2016-12-13T23:51:49+08:00 ] ::1 /cloud/index.php/home/show
ERR: syntax error, unexpected 'xXXXX' (T_STRING), expecting function (T_FUNCTION)

