[ 2016-12-12T03:53:30+08:00 ] ::1 /cloud/index.php/Home/Upload/test
ERR: 非法操作:test

[ 2016-12-12T03:56:24+08:00 ] ::1 /cloud/index.php/Home/Upload/upload
ERR: syntax error, unexpected ';', expecting ',' or ')'

[ 2016-12-12T04:14:04+08:00 ] ::1 /cloud/index.php/Home/Upload/test
ERR: 非法操作:test

[ 2016-12-12T04:33:42+08:00 ] ::1 /cloud/index.php/Home/Upload/upload
ERR: 不存在的字体文件：./1.ttf

[ 2016-12-12T04:33:56+08:00 ] ::1 /cloud/index.php/Home/Upload/upload
ERR: 不存在的字体文件：20

[ 2016-12-12T15:22:20+08:00 ] ::1 /cloud/index.php/Home/Upload/upload
ERR: 不存在的图像文件

[ 2016-12-12T15:22:24+08:00 ] ::1 /cloud/index.php/Home/Upload/upload
ERR: 不存在的图像文件

[ 2016-12-12T15:50:15+08:00 ] ::1 /cloud/index.php/Home/Upload/upload
ERR: 不存在的图像文件

[ 2016-12-12T15:50:20+08:00 ] ::1 /cloud/index.php/Home/Upload/upload
ERR: 不存在的图像文件

[ 2016-12-12T16:00:25+08:00 ] ::1 /cloud/index.php/Home/Upload/upload
ERR: 不存在的图像文件

[ 2016-12-12T16:18:56+08:00 ] ::1 /cloud/index.php/Home/Upload/upload
ERR: 不存在的图像文件

[ 2016-12-12T16:19:00+08:00 ] ::1 /cloud/index.php/Home/Upload/upload
ERR: 不存在的图像文件

[ 2016-12-12T16:19:08+08:00 ] ::1 /cloud/index.php/Home/Upload/upload
ERR: 不存在的图像文件

