[ 2017-06-01T13:46:32+08:00 ] ::1 /cloud/index.php/Home/Show/video
ERR: Think\Model:getList方法不存在！

[ 2017-06-01T13:46:33+08:00 ] ::1 /cloud/index.php/Home/Show/video
ERR: Think\Model:getList方法不存在！

[ 2017-06-01T13:46:33+08:00 ] ::1 /cloud/index.php/Home/Show/video
ERR: Think\Model:getList方法不存在！

[ 2017-06-01T13:46:45+08:00 ] ::1 /cloud/index.php/Home/Show/video
ERR: 1146:Table 'cloud.cloud_users' doesn't exist
 [ SQL语句 ] : SHOW COLUMNS FROM `cloud_users`

[ 2017-06-01T13:48:14+08:00 ] ::1 /cloud/index.php/Home/Show/video
ERR: 1146:Table 'cloud.cloud_users' doesn't exist
 [ SQL语句 ] : SHOW COLUMNS FROM `cloud_users`

[ 2017-06-01T13:48:25+08:00 ] ::1 /cloud/index.php/Home/Show/video
ERR: 1146:Table 'cloud.cloud_users' doesn't exist
 [ SQL语句 ] : SHOW COLUMNS FROM `cloud_users`

[ 2017-06-01T13:53:12+08:00 ] ::1 /cloud/index.php/Home/Show/video
ERR: 1146:Table 'cloud.cloud_users' doesn't exist
 [ SQL语句 ] : SHOW COLUMNS FROM `cloud_users`

[ 2017-06-01T13:53:44+08:00 ] ::1 /cloud/index.php/Home/Show/video
ERR: Think\Model:getList方法不存在！

[ 2017-06-01T13:54:16+08:00 ] ::1 /cloud/index.php/Home/Show/video
ERR: Think\Controller:where方法不存在！

[ 2017-06-01T13:57:56+08:00 ] ::1 /cloud/index.php/Home/Show/piv/tag/erwei
ERR: 非法操作:piv

[ 2017-06-01T13:58:14+08:00 ] ::1 /cloud/index.php/Home/Show/pic/tag/erwei
ERR: 模板不存在:./Application/Home/View/Show/pic.html

