[ 2017-05-31T09:18:06+08:00 ] ::1 /cloud/index.php/Home/Index/login
ERR: SQLSTATE[HY000] [1045] Access denied for user 'root'@'localhost' (using password: YES)

[ 2017-05-31T09:18:19+08:00 ] ::1 /cloud/index.php/Home/Index/login
ERR: SQLSTATE[HY000] [1045] Access denied for user 'root'@'localhost' (using password: YES)

[ 2017-05-31T09:22:28+08:00 ] ::1 /cloud/index.php/Home/Index/login
ERR: SQLSTATE[HY000] [1049] Unknown database 'cloud'

[ 2017-05-31T09:32:14+08:00 ] ::1 /cloud/index.php/Home/Index/login
ERR: 1146:Table 'cloud.lms_user' doesn't exist
 [ SQL语句 ] : SHOW COLUMNS FROM `lms_user`

[ 2017-05-31T09:33:10+08:00 ] ::1 /cloud/index.php/Home/Index/login
ERR: 1146:Table 'cloud.lms_user' doesn't exist
 [ SQL语句 ] : SHOW COLUMNS FROM `lms_user`

[ 2017-05-31T09:34:09+08:00 ] ::1 /cloud/index.php/Home/Index/login
ERR: 1146:Table 'cloud.user' doesn't exist
 [ SQL语句 ] : SHOW COLUMNS FROM `user`

[ 2017-05-31T10:11:47+08:00 ] ::1 /cloud/index.php/Home/Upload/upload
INFO: [ app_begin ] --START--
INFO: Run Behavior\ReadHtmlCacheBehavior [ RunTime:0.000522s ]
INFO: [ app_begin ] --END-- [ RunTime:0.000963s ]
INFO: [ app_end ] --START--
INFO: Run Behavior\ShowPageTraceBehavior [ RunTime:0.000501s ]
INFO: [ app_end ] --END-- [ RunTime:0.000553s ]

[ 2017-05-31T10:23:40+08:00 ] ::1 /cloud/index.php/Home/Upload/upload
INFO: [ app_begin ] --START--
INFO: Run Behavior\ReadHtmlCacheBehavior [ RunTime:0.000583s ]
INFO: [ app_begin ] --END-- [ RunTime:0.001021s ]
INFO: [ app_end ] --START--
INFO: Run Behavior\ShowPageTraceBehavior [ RunTime:0.000586s ]
INFO: [ app_end ] --END-- [ RunTime:0.000630s ]

[ 2017-05-31T10:25:04+08:00 ] ::1 /cloud/index.php/Home/Upload/upload
INFO: [ app_begin ] --START--
INFO: Run Behavior\ReadHtmlCacheBehavior [ RunTime:0.000477s ]
INFO: [ app_begin ] --END-- [ RunTime:0.000878s ]
INFO: [ app_end ] --START--
INFO: Run Behavior\ShowPageTraceBehavior [ RunTime:0.000482s ]
INFO: [ app_end ] --END-- [ RunTime:0.000525s ]

[ 2017-05-31T11:14:48+08:00 ] ::1 /cloud/index.php/Home/Upload/upload
INFO: [ app_begin ] --START--
INFO: Run Behavior\ReadHtmlCacheBehavior [ RunTime:0.000586s ]
INFO: [ app_begin ] --END-- [ RunTime:0.001021s ]
INFO: [ app_end ] --START--
INFO: Run Behavior\ShowPageTraceBehavior [ RunTime:0.000554s ]
INFO: [ app_end ] --END-- [ RunTime:0.000597s ]

[ 2017-05-31T15:23:21+08:00 ] ::1 /cloud/index.php/Home/Upload/upload
ERR: SQLSTATE[HY000] [1045] Access denied for user 'root'@'localhost' (using password: YES)

[ 2017-05-31T15:25:22+08:00 ] ::1 /cloud/index.php/Home/Personal/personal.html
ERR: 非法操作:personal

[ 2017-05-31T15:27:29+08:00 ] ::1 /cloud/index.php/Home/Personal/personal.html
ERR: 非法操作:personal

[ 2017-05-31T17:13:56+08:00 ] ::1 /cloud/index.php/Home/Show/viedo
ERR: 非法操作:viedo

[ 2017-05-31T17:14:35+08:00 ] ::1 /cloud/index.php/Home/Show/mic
ERR: 非法操作:mic

[ 2017-05-31T17:14:38+08:00 ] ::1 /cloud/index.php/Home/Show/viedo
ERR: 非法操作:viedo

