[ 2016-12-11T22:26:00+08:00 ] ::1 /cloud/index.php/%E6%90%9C%E7%B4%A2%E6%8C%89%E9%92%AE.png
ERR: 无法加载模块:搜索按钮

[ 2016-12-11T22:26:00+08:00 ] ::1 /cloud/index.php/%E5%B9%B3%E6%97%B6%E4%B9%A0%E4%BD%9C.png
ERR: 无法加载模块:平时习作

[ 2016-12-11T22:26:00+08:00 ] ::1 /cloud/index.php/%E5%A6%82%E6%9E%9C%E4%BD%A0%E5%96%9C%E6%AC%A2%E5%B0%B1%E7%BB%99%E4%BD%A0%E5%91%80.png
ERR: 无法加载模块:如果你喜欢就给你呀

[ 2016-12-11T22:26:00+08:00 ] ::1 /cloud/index.php/%E5%BF%83.png
ERR: 无法加载模块:心

[ 2016-12-11T22:26:00+08:00 ] ::1 /cloud/index.php/%E5%A4%B4%E5%83%8F.png
ERR: 无法加载模块:头像

[ 2016-12-11T22:26:00+08:00 ] ::1 /cloud/index.php/%E5%9B%BE%E7%89%87.png
ERR: 无法加载模块:图片

[ 2016-12-11T22:26:00+08:00 ] ::1 /cloud/index.php/%E6%90%9C%E7%B4%A2%E6%8C%89%E9%92%AE.png
ERR: 无法加载模块:搜索按钮

[ 2016-12-11T22:26:00+08:00 ] ::1 /cloud/index.php/%E5%B9%B3%E6%97%B6%E4%B9%A0%E4%BD%9C.png
ERR: 无法加载模块:平时习作

[ 2016-12-11T22:26:00+08:00 ] ::1 /cloud/index.php/%E5%A6%82%E6%9E%9C%E4%BD%A0%E5%96%9C%E6%AC%A2%E5%B0%B1%E7%BB%99%E4%BD%A0%E5%91%80.png
ERR: 无法加载模块:如果你喜欢就给你呀

[ 2016-12-11T22:26:00+08:00 ] ::1 /cloud/index.php/%E5%BF%83.png
ERR: 无法加载模块:心

[ 2016-12-11T22:26:00+08:00 ] ::1 /cloud/index.php/%E5%A4%B4%E5%83%8F.png
ERR: 无法加载模块:头像

[ 2016-12-11T22:26:00+08:00 ] ::1 /cloud/index.php/%E5%9B%BE%E7%89%87.png
ERR: 无法加载模块:图片

[ 2016-12-11T22:28:50+08:00 ] ::1 /cloud/index.php/%E5%B9%B3%E6%97%B6%E4%B9%A0%E4%BD%9C.png
ERR: 无法加载模块:平时习作

[ 2016-12-11T22:28:50+08:00 ] ::1 /cloud/index.php/%E5%A6%82%E6%9E%9C%E4%BD%A0%E5%96%9C%E6%AC%A2%E5%B0%B1%E7%BB%99%E4%BD%A0%E5%91%80.png
ERR: 无法加载模块:如果你喜欢就给你呀

[ 2016-12-11T22:28:50+08:00 ] ::1 /cloud/index.php/%E5%BF%83.png
ERR: 无法加载模块:心

[ 2016-12-11T22:28:50+08:00 ] ::1 /cloud/index.php/%E5%A4%B4%E5%83%8F.png
ERR: 无法加载模块:头像

[ 2016-12-11T22:28:50+08:00 ] ::1 /cloud/index.php/%E5%9B%BE%E7%89%87.png
ERR: 无法加载模块:图片

[ 2016-12-11T22:28:50+08:00 ] ::1 /cloud/index.php/%E5%B9%B3%E6%97%B6%E4%B9%A0%E4%BD%9C.png
ERR: 无法加载模块:平时习作

[ 2016-12-11T22:28:50+08:00 ] ::1 /cloud/index.php/%E5%A6%82%E6%9E%9C%E4%BD%A0%E5%96%9C%E6%AC%A2%E5%B0%B1%E7%BB%99%E4%BD%A0%E5%91%80.png
ERR: 无法加载模块:如果你喜欢就给你呀

[ 2016-12-11T22:28:50+08:00 ] ::1 /cloud/index.php/%E5%BF%83.png
ERR: 无法加载模块:心

[ 2016-12-11T22:28:50+08:00 ] ::1 /cloud/index.php/%E5%A4%B4%E5%83%8F.png
ERR: 无法加载模块:头像

[ 2016-12-11T22:28:50+08:00 ] ::1 /cloud/index.php/%E5%9B%BE%E7%89%87.png
ERR: 无法加载模块:图片

[ 2016-12-11T22:30:32+08:00 ] ::1 /cloud/index.php/%E5%B9%B3%E6%97%B6%E4%B9%A0%E4%BD%9C.png
ERR: 无法加载模块:平时习作

[ 2016-12-11T22:30:32+08:00 ] ::1 /cloud/index.php/%E5%A6%82%E6%9E%9C%E4%BD%A0%E5%96%9C%E6%AC%A2%E5%B0%B1%E7%BB%99%E4%BD%A0%E5%91%80.png
ERR: 无法加载模块:如果你喜欢就给你呀

[ 2016-12-11T22:30:32+08:00 ] ::1 /cloud/index.php/%E5%BF%83.png
ERR: 无法加载模块:心

[ 2016-12-11T22:30:32+08:00 ] ::1 /cloud/index.php/%E5%9B%BE%E7%89%87.png
ERR: 无法加载模块:图片

[ 2016-12-11T22:30:32+08:00 ] ::1 /cloud/index.php/%E5%A4%B4%E5%83%8F.png
ERR: 无法加载模块:头像

[ 2016-12-11T22:30:32+08:00 ] ::1 /cloud/index.php/%E5%B9%B3%E6%97%B6%E4%B9%A0%E4%BD%9C.png
ERR: 无法加载模块:平时习作

[ 2016-12-11T22:30:32+08:00 ] ::1 /cloud/index.php/%E5%A6%82%E6%9E%9C%E4%BD%A0%E5%96%9C%E6%AC%A2%E5%B0%B1%E7%BB%99%E4%BD%A0%E5%91%80.png
ERR: 无法加载模块:如果你喜欢就给你呀

[ 2016-12-11T22:30:32+08:00 ] ::1 /cloud/index.php/%E5%A4%B4%E5%83%8F.png
ERR: 无法加载模块:头像

[ 2016-12-11T22:30:32+08:00 ] ::1 /cloud/index.php/%E5%BF%83.png
ERR: 无法加载模块:心

[ 2016-12-11T22:30:32+08:00 ] ::1 /cloud/index.php/%E5%9B%BE%E7%89%87.png
ERR: 无法加载模块:图片

[ 2016-12-11T22:30:55+08:00 ] ::1 /cloud/index.php/%E5%B9%B3%E6%97%B6%E4%B9%A0%E4%BD%9C.png
ERR: 无法加载模块:平时习作

[ 2016-12-11T22:30:55+08:00 ] ::1 /cloud/index.php/%E5%A6%82%E6%9E%9C%E4%BD%A0%E5%96%9C%E6%AC%A2%E5%B0%B1%E7%BB%99%E4%BD%A0%E5%91%80.png
ERR: 无法加载模块:如果你喜欢就给你呀

[ 2016-12-11T22:30:55+08:00 ] ::1 /cloud/index.php/%E5%BF%83.png
ERR: 无法加载模块:心

[ 2016-12-11T22:30:55+08:00 ] ::1 /cloud/index.php/%E5%A4%B4%E5%83%8F.png
ERR: 无法加载模块:头像

[ 2016-12-11T22:30:55+08:00 ] ::1 /cloud/index.php/%E5%9B%BE%E7%89%87.png
ERR: 无法加载模块:图片

[ 2016-12-11T22:30:56+08:00 ] ::1 /cloud/index.php/%E5%B9%B3%E6%97%B6%E4%B9%A0%E4%BD%9C.png
ERR: 无法加载模块:平时习作

[ 2016-12-11T22:30:56+08:00 ] ::1 /cloud/index.php/%E5%A6%82%E6%9E%9C%E4%BD%A0%E5%96%9C%E6%AC%A2%E5%B0%B1%E7%BB%99%E4%BD%A0%E5%91%80.png
ERR: 无法加载模块:如果你喜欢就给你呀

[ 2016-12-11T22:30:56+08:00 ] ::1 /cloud/index.php/%E5%BF%83.png
ERR: 无法加载模块:心

[ 2016-12-11T22:30:56+08:00 ] ::1 /cloud/index.php/%E5%A4%B4%E5%83%8F.png
ERR: 无法加载模块:头像

[ 2016-12-11T22:30:56+08:00 ] ::1 /cloud/index.php/%E5%9B%BE%E7%89%87.png
ERR: 无法加载模块:图片

[ 2016-12-11T22:31:24+08:00 ] ::1 /cloud/index.php/%E5%B9%B3%E6%97%B6%E4%B9%A0%E4%BD%9C.png
ERR: 无法加载模块:平时习作

[ 2016-12-11T22:31:24+08:00 ] ::1 /cloud/index.php/%E5%A6%82%E6%9E%9C%E4%BD%A0%E5%96%9C%E6%AC%A2%E5%B0%B1%E7%BB%99%E4%BD%A0%E5%91%80.png
ERR: 无法加载模块:如果你喜欢就给你呀

[ 2016-12-11T22:31:24+08:00 ] ::1 /cloud/index.php/%E5%BF%83.png
ERR: 无法加载模块:心

[ 2016-12-11T22:31:24+08:00 ] ::1 /cloud/index.php/%E5%A4%B4%E5%83%8F.png
ERR: 无法加载模块:头像

[ 2016-12-11T22:31:24+08:00 ] ::1 /cloud/index.php/%E5%9B%BE%E7%89%87.png
ERR: 无法加载模块:图片

[ 2016-12-11T22:31:25+08:00 ] ::1 /cloud/index.php/%E5%B9%B3%E6%97%B6%E4%B9%A0%E4%BD%9C.png
ERR: 无法加载模块:平时习作

[ 2016-12-11T22:31:25+08:00 ] ::1 /cloud/index.php/%E5%A6%82%E6%9E%9C%E4%BD%A0%E5%96%9C%E6%AC%A2%E5%B0%B1%E7%BB%99%E4%BD%A0%E5%91%80.png
ERR: 无法加载模块:如果你喜欢就给你呀

[ 2016-12-11T22:31:25+08:00 ] ::1 /cloud/index.php/%E5%BF%83.png
ERR: 无法加载模块:心

[ 2016-12-11T22:31:25+08:00 ] ::1 /cloud/index.php/%E5%A4%B4%E5%83%8F.png
ERR: 无法加载模块:头像

[ 2016-12-11T22:31:25+08:00 ] ::1 /cloud/index.php/%E5%9B%BE%E7%89%87.png
ERR: 无法加载模块:图片

[ 2016-12-11T22:31:40+08:00 ] ::1 /cloud/index.php/%E5%B9%B3%E6%97%B6%E4%B9%A0%E4%BD%9C.png
ERR: 无法加载模块:平时习作

[ 2016-12-11T22:31:40+08:00 ] ::1 /cloud/index.php/%E5%A6%82%E6%9E%9C%E4%BD%A0%E5%96%9C%E6%AC%A2%E5%B0%B1%E7%BB%99%E4%BD%A0%E5%91%80.png
ERR: 无法加载模块:如果你喜欢就给你呀

[ 2016-12-11T22:31:40+08:00 ] ::1 /cloud/index.php/%E5%BF%83.png
ERR: 无法加载模块:心

[ 2016-12-11T22:31:40+08:00 ] ::1 /cloud/index.php/%E5%A4%B4%E5%83%8F.png
ERR: 无法加载模块:头像

[ 2016-12-11T22:31:40+08:00 ] ::1 /cloud/index.php/%E5%9B%BE%E7%89%87.png
ERR: 无法加载模块:图片

[ 2016-12-11T22:32:10+08:00 ] ::1 /cloud/index.php/%E5%B9%B3%E6%97%B6%E4%B9%A0%E4%BD%9C.png
ERR: 无法加载模块:平时习作

[ 2016-12-11T22:32:10+08:00 ] ::1 /cloud/index.php/%E5%A6%82%E6%9E%9C%E4%BD%A0%E5%96%9C%E6%AC%A2%E5%B0%B1%E7%BB%99%E4%BD%A0%E5%91%80.png
ERR: 无法加载模块:如果你喜欢就给你呀

[ 2016-12-11T22:32:10+08:00 ] ::1 /cloud/index.php/%E5%BF%83.png
ERR: 无法加载模块:心

[ 2016-12-11T22:32:10+08:00 ] ::1 /cloud/index.php/%E5%A4%B4%E5%83%8F.png
ERR: 无法加载模块:头像

[ 2016-12-11T22:32:10+08:00 ] ::1 /cloud/index.php/%E5%9B%BE%E7%89%87.png
ERR: 无法加载模块:图片

[ 2016-12-11T22:33:00+08:00 ] ::1 /cloud/index.php/%E5%A6%82%E6%9E%9C%E4%BD%A0%E5%96%9C%E6%AC%A2%E5%B0%B1%E7%BB%99%E4%BD%A0%E5%91%80.png
ERR: 无法加载模块:如果你喜欢就给你呀

[ 2016-12-11T22:33:00+08:00 ] ::1 /cloud/index.php/%E5%BF%83.png
ERR: 无法加载模块:心

[ 2016-12-11T22:33:00+08:00 ] ::1 /cloud/index.php/%E5%A4%B4%E5%83%8F.png
ERR: 无法加载模块:头像

[ 2016-12-11T22:33:00+08:00 ] ::1 /cloud/index.php/%E5%9B%BE%E7%89%87.png
ERR: 无法加载模块:图片

[ 2016-12-11T22:33:01+08:00 ] ::1 /cloud/index.php/%E5%A6%82%E6%9E%9C%E4%BD%A0%E5%96%9C%E6%AC%A2%E5%B0%B1%E7%BB%99%E4%BD%A0%E5%91%80.png
ERR: 无法加载模块:如果你喜欢就给你呀

[ 2016-12-11T22:33:01+08:00 ] ::1 /cloud/index.php/%E5%BF%83.png
ERR: 无法加载模块:心

[ 2016-12-11T22:33:01+08:00 ] ::1 /cloud/index.php/%E5%A4%B4%E5%83%8F.png
ERR: 无法加载模块:头像

[ 2016-12-11T22:33:01+08:00 ] ::1 /cloud/index.php/%E5%9B%BE%E7%89%87.png
ERR: 无法加载模块:图片

[ 2016-12-11T22:33:09+08:00 ] ::1 /cloud/index.php/%E5%BF%83.png
ERR: 无法加载模块:心

[ 2016-12-11T22:33:09+08:00 ] ::1 /cloud/index.php/%E5%A4%B4%E5%83%8F.png
ERR: 无法加载模块:头像

[ 2016-12-11T22:33:09+08:00 ] ::1 /cloud/index.php/%E5%9B%BE%E7%89%87.png
ERR: 无法加载模块:图片

[ 2016-12-11T22:34:06+08:00 ] ::1 /cloud/index.php/%E5%BF%83.png
ERR: 无法加载模块:心

[ 2016-12-11T22:34:06+08:00 ] ::1 /cloud/index.php/%E5%A4%B4%E5%83%8F.png
ERR: 无法加载模块:头像

[ 2016-12-11T22:34:06+08:00 ] ::1 /cloud/index.php/%E5%9B%BE%E7%89%87.png
ERR: 无法加载模块:图片

[ 2016-12-11T22:34:32+08:00 ] ::1 /cloud/index.php/%E5%BF%83.png
ERR: 无法加载模块:心

[ 2016-12-11T22:34:32+08:00 ] ::1 /cloud/index.php/%E5%A4%B4%E5%83%8F.png
ERR: 无法加载模块:头像

[ 2016-12-11T22:34:32+08:00 ] ::1 /cloud/index.php/%E5%9B%BE%E7%89%87.png
ERR: 无法加载模块:图片

[ 2016-12-11T22:35:07+08:00 ] ::1 /cloud/index.php/%E5%BF%83.png
ERR: 无法加载模块:心

[ 2016-12-11T22:35:07+08:00 ] ::1 /cloud/index.php/%E5%A4%B4%E5%83%8F.png
ERR: 无法加载模块:头像

[ 2016-12-11T22:35:07+08:00 ] ::1 /cloud/index.php/%E5%9B%BE%E7%89%87.png
ERR: 无法加载模块:图片

[ 2016-12-11T22:35:49+08:00 ] ::1 /cloud/index.php/%E5%BF%83.png
ERR: 无法加载模块:心

[ 2016-12-11T22:35:49+08:00 ] ::1 /cloud/index.php/%E5%A4%B4%E5%83%8F.png
ERR: 无法加载模块:头像

[ 2016-12-11T22:35:49+08:00 ] ::1 /cloud/index.php/%E5%9B%BE%E7%89%87.png
ERR: 无法加载模块:图片

